**********************
Windows PowerShell transcript start
Start time: 20190717131122
Username: THINKPAD\Prateek
RunAs User: THINKPAD\Prateek
Configuration Name: 
Machine: THINKPAD (Microsoft Windows NT 10.0.18362.0)
Host Application: C:\WINDOWS\System32\WindowsPowerShell\v1.0\powershell.exe D:\Workspace\LabAutomation\BuildRequest\1b696412-f24b-4443-b3d7-bf04e2fbeec4\1b696412-f24b-4443-b3d7-bf04e2fbeec4.ps1
Process ID: 8424
PSVersion: 5.1.18362.145
PSEdition: Desktop
PSCompatibleVersions: 1.0, 2.0, 3.0, 4.0, 5.0, 5.1.18362.145
BuildVersion: 10.0.18362.145
CLRVersion: 4.0.30319.42000
WSManStackVersion: 3.0
PSRemotingProtocolVersion: 2.3
SerializationVersion: 1.1.0.1
**********************
Transcript started, output file is D:\Workspace\LabAutomation\BuildRequest\1b696412-f24b-4443-b3d7-bf04e2fbeec4\1b696412-f24b-4443-b3d7-bf04e2fbeec4.log
13:11:25|00:00:00|00:00:00.000| Initialization
13:11:25|00:00:00|00:00:00.056| - Host operating system version: '10.0.18362'
13:11:25|00:00:00|00:00:00.068| - Creating new lab definition with name 'test'
13:11:25|00:00:00|00:00:00.092| - Location of lab definition files will be 'C:\ProgramData\AutomatedLab\Labs\test'
13:11:27|00:00:01|00:00:01.248| - Location of LabSources folder is 'D:\LabSources'
13:11:27|00:00:01|00:00:00.000| - Auto-adding ISO files
13:11:27|00:00:01|00:00:00.404|   - found 5 OS images in the cache
PS>TerminatingError(): "No Azure Context found, Please run 'Connect-AzAccount' first"
>> TerminatingError(): "No Azure Context found, Please run 'Connect-AzAccount' first"
>> TerminatingError(): "No Azure Context found, Please run 'Connect-AzAccount' first"
13:11:27|00:00:02|00:00:00.796|   - Added 'D:\LabSources\ISOs\17763.379.190312-0539.rs5_release_svc_refresh_SERVERESSENTIALS_OEM_x64FRE_en-us.iso'
13:11:27|00:00:02|00:00:00.816|   - Added 'D:\LabSources\ISOs\en_windows_server_2016_x64_dvd_9718492.iso'
13:11:27|00:00:02|00:00:00.828|   - Added 'D:\LabSources\ISOs\ubuntu-18.04.2-desktop-amd64.iso'
13:11:27|00:00:02|00:00:00.852|   - Done
13:11:27|00:00:02|00:00:02.164| - Path for VMs specified as 'D:\VHD\'
13:11:29|00:00:03|00:00:00.004| - Adding Hyper-V machine definition 'dc11'        (Roles: RootDC)
13:11:30|00:00:04|00:00:01.493|   - Done
13:11:30|00:00:04|00:00:00.004| - Adding Hyper-V machine definition 'srv11'       (Roles: WebServer)
13:11:31|00:00:05|00:00:00.271|   - Done
13:11:31|00:00:05|00:00:00.004| - Adding Hyper-V machine definition 'srv12'       (Roles: FileServer)
13:11:31|00:00:05|00:00:00.251|   - Done
13:11:32|00:00:06|00:00:06.313| Estimated (additional) local drive space needed for all machines: 6 GB
13:11:32|00:00:06|00:00:06.453| Location of Hyper-V machines will be 'D:\VHD\'
13:11:32|00:00:06|00:00:06.677| Done
13:11:32|00:00:06|00:00:00.000| Validating lab definition
13:11:35|00:00:09|00:00:02.293| - Could not invoke validator AutomatedLab.UnknownRoleProperties
13:11:35|00:00:09|00:00:02.661| - Success

13:11:35|00:00:09|00:00:00.000| Lab 'test' hosted on 'HyperV' imported with 3 machines
13:11:36|00:00:10|00:00:00.000| Creating virtual networks
13:11:36|00:00:11|00:00:00.000| - Creating Hyper-V virtual network 'testlab'
13:11:40|00:00:14|00:00:03.291|   - Done
13:11:40|00:00:14|00:00:03.463| - Done
13:11:40|00:00:14|00:00:04.687| done
13:11:40|00:00:14|00:00:00.000| Creating base images
13:11:42|00:00:16|00:00:02.119| - All base images were created previously
13:11:43|00:00:17|00:00:03.418| - Done
13:11:43|00:00:17|00:00:08.121| done
13:11:43|00:00:17|00:00:00.000| Creating Additional Disks
13:11:45|00:00:19|00:00:01.807| - Done
13:11:45|00:00:19|00:00:00.000| Creating VMs
13:11:45|00:00:20|00:00:00.283| - The hosts file has been added 6 records. Clean them up using 'Remove-Lab' or manually if needed
13:11:45|00:00:20|00:00:00.000| - Creating HyperV machine 'dc11'
.
.
.
.
.
13:11:53|00:00:27|00:00:07.081|   - Done
13:11:53|00:00:27|00:00:00.000| - Creating HyperV machine 'srv11'
.
.
.
.
.
13:11:57|00:00:31|00:00:04.514|   - Done
13:11:57|00:00:31|00:00:00.000| - Creating HyperV machine 'srv12'
.
.
.
.
.
13:12:02|00:00:37|00:00:05.272|   - Done
13:12:02|00:00:37|00:00:00.000| - Waiting for all machines to finish installing
13:12:02|00:00:37|00:00:00.016|   - Done
13:12:04|00:00:38|00:00:18.884| - Done
13:12:04|00:00:38|00:00:00.000| Installing Root Domain Controllers
13:12:04|00:00:38|00:00:00.012| - Machines with RootDC role to be installed: 'dc11'
13:12:05|00:00:40|00:00:01.478| - Waiting for machines to start up
.
.
.
.
.
13:12:53|00:01:27|00:00:49.282| - Waiting for Root Domain Controllers to complete installation of Active Directory and restart
.
.
.
.
.
.
.
.
.
.
.
.
PS>TerminatingError(): "The pipeline has been stopped."
>> TerminatingError(): "The pipeline has been stopped."
>> TerminatingError(): "The pipeline has been stopped."
>> TerminatingError(): "The pipeline has been stopped."
>> TerminatingError(): "The pipeline has been stopped."
>> TerminatingError(): "The pipeline has been stopped."
>> TerminatingError(): "The pipeline has been stopped."
>> $global:?
False
