**********************
Windows PowerShell transcript start
Start time: 20190723211342
Username: THINKPAD\Prateek
RunAs User: THINKPAD\Prateek
Configuration Name: 
Machine: THINKPAD (Microsoft Windows NT 10.0.18362.0)
Host Application: C:\WINDOWS\System32\WindowsPowerShell\v1.0\powershell.exe C:\Users\PRATEE~1.THI\AppData\Local\Temp\7938d2e0-e547-4d9d-ae3d-e924c7cb7acc.ps1
Process ID: 1272
PSVersion: 5.1.18362.145
PSEdition: Desktop
PSCompatibleVersions: 1.0, 2.0, 3.0, 4.0, 5.0, 5.1.18362.145
BuildVersion: 10.0.18362.145
CLRVersion: 4.0.30319.42000
WSManStackVersion: 3.0
PSRemotingProtocolVersion: 2.3
SerializationVersion: 1.1.0.1
**********************
Transcript started, output file is D:\Workspace\LabAutomation\BuildRequest\7938d2e0-e547-4d9d-ae3d-e924c7cb7acc\7938d2e0-e547-4d9d-ae3d-e924c7cb7acc.log
21:13:52|00:00:00|00:00:00.000| Initialization
21:13:52|00:00:00|00:00:00.140| - Host operating system version: '10.0.18362'
21:13:52|00:00:00|00:00:00.151| - Creating new lab definition with name 'demo'
21:13:52|00:00:00|00:00:00.179| - Location of lab definition files will be 'C:\ProgramData\AutomatedLab\Labs\demo'
21:13:54|00:00:02|00:00:02.240| - Location of LabSources folder is 'D:\LabSources'
21:13:55|00:00:02|00:00:00.000| - Auto-adding ISO files
21:13:55|00:00:02|00:00:00.448|   - found 5 OS images in the cache
PS>TerminatingError(): "No Azure Context found, Please run 'Connect-AzAccount' first"
>> TerminatingError(): "No Azure Context found, Please run 'Connect-AzAccount' first"
>> TerminatingError(): "No Azure Context found, Please run 'Connect-AzAccount' first"
21:13:56|00:00:03|00:00:01.284|   - Added 'D:\LabSources\ISOs\17763.379.190312-0539.rs5_release_svc_refresh_SERVERESSENTIALS_OEM_x64FRE_en-us.iso'
21:13:56|00:00:03|00:00:01.332|   - Added 'D:\LabSources\ISOs\en_windows_server_2016_x64_dvd_9718492.iso'
21:13:56|00:00:03|00:00:01.344|   - Added 'D:\LabSources\ISOs\ubuntu-18.04.2-desktop-amd64.iso'
21:13:56|00:00:03|00:00:01.408|   - Done
21:13:56|00:00:03|00:00:03.820| - Path for VMs specified as 'D:\VHD\'
21:13:58|00:00:05|00:00:00.004| - Adding Hyper-V machine definition 'demodc'      (Roles: RootDC)
21:14:06|00:00:13|00:00:08.113|   - Done
21:14:06|00:00:14|00:00:00.000| - Adding Hyper-V machine definition 'democl1'     (Roles: WebServer)
21:14:07|00:00:14|00:00:00.839|   - Done
21:14:07|00:00:15|00:00:00.004| - Adding Hyper-V machine definition 'democl2'
21:14:08|00:00:15|00:00:00.783|   - Done
21:14:11|00:00:18|00:00:18.687| Estimated (additional) local drive space needed for all machines: 0 GB
21:14:11|00:00:18|00:00:18.899| Location of Hyper-V machines will be 'D:\VHD\'
21:14:12|00:00:19|00:00:19.407| Done
21:14:12|00:00:19|00:00:00.000| Validating lab definition
21:14:15|00:00:22|00:00:02.804| - Could not invoke validator AutomatedLab.UnknownRoleProperties
21:14:15|00:00:23|00:00:03.372| - Success

21:14:16|00:00:23|00:00:00.000| Lab 'demo' hosted on 'HyperV' imported with 3 machines
21:14:17|00:00:24|00:00:00.000| Creating virtual networks
21:14:17|00:00:24|00:00:00.000| - Creating Hyper-V virtual network 'demo1'
21:14:17|00:00:25|00:00:00.125|   - The network switch 'demo1' already exists, no changes will be made to configuration
21:14:17|00:00:25|00:00:00.140|   - Done
21:14:17|00:00:25|00:00:00.203| - done
21:14:17|00:00:25|00:00:00.015| - Creating base images
21:14:18|00:00:25|00:00:00.290|   - All base images were created previously
21:14:19|00:00:26|00:00:01.600|   - Done
21:14:19|00:00:26|00:00:01.819| - done
21:14:19|00:00:26|00:00:00.015| - Creating Additional Disks
21:14:21|00:00:28|00:00:01.613|   - Done
21:14:21|00:00:28|00:00:00.000| - Creating VMs
21:14:21|00:00:28|00:00:00.000|   - Creating HyperV machine 'demodc'
.
21:14:21|00:00:28|00:00:00.096|     - The machine 'demodc' does already exist
21:14:21|00:00:29|00:00:00.495|     - Could not create HyperV machine 'demodc'
21:14:21|00:00:29|00:00:00.004|   - Creating HyperV machine 'democl1'
.
21:14:22|00:00:29|00:00:00.036|     - The machine 'democl1' does already exist
21:14:22|00:00:29|00:00:00.044|     - Could not create HyperV machine 'democl1'
21:14:22|00:00:29|00:00:00.000|   - Creating HyperV machine 'democl2'
.
21:14:22|00:00:29|00:00:00.032|     - The machine 'democl2' does already exist
21:14:22|00:00:29|00:00:00.040|     - Could not create HyperV machine 'democl2'
21:14:22|00:00:29|00:00:00.000|   - Waiting for all machines to finish installing
21:14:22|00:00:29|00:00:00.008|     - Done
21:14:22|00:00:29|00:00:01.426|   - Done
21:14:22|00:00:29|00:00:00.000| - Installing Root Domain Controllers
21:14:22|00:00:29|00:00:00.015|   - Machines with RootDC role to be installed: 'demodc'
21:14:23|00:00:30|00:00:00.475|   - Waiting for machines to start up
.
.
21:14:30|00:00:37|00:00:07.939|   - Machine 'demodc' is already a Domain Controller. Skipping this machine.
21:14:30|00:00:37|00:00:07.954|   - All Root Domain Controllers are already installed
21:14:30|00:00:37|00:00:12.868| - Done
21:14:30|00:00:37|00:00:00.000| Installing Web Servers
21:14:30|00:00:37|00:00:00.031| - Machines to have Web Server role installed: 'democl1'
21:14:30|00:00:37|00:00:00.109| - Waiting for machines to start up
.
.
21:14:47|00:00:54|00:00:16.775| - Waiting for Web Server role to complete installation
.
.
21:15:02|00:01:09|00:00:31.652| - Done
21:15:02|00:01:09|00:00:00.000| Starting remaining machines
21:15:02|00:01:09|00:00:00.015| - Waiting for machines to start up...
.
.
21:15:22|00:01:30|00:00:20.493| - Done
PS>TerminatingError(): "No Azure Context found, Please run 'Connect-AzAccount' first"
>> TerminatingError(): "No Azure Context found, Please run 'Connect-AzAccount' first"
>> TerminatingError(): "No Azure Context found, Please run 'Connect-AzAccount' first"
21:15:23|00:01:30|00:00:00.000| Installing software package 'D:\LabSources\SoftwarePackages\winrar.exe' on machines 'demodc'
PS>TerminatingError(): "No Azure Context found, Please run 'Connect-AzAccount' first"
>> TerminatingError(): "No Azure Context found, Please run 'Connect-AzAccount' first"
>> TerminatingError(): "No Azure Context found, Please run 'Connect-AzAccount' first"
PS>TerminatingError(): "No Azure Context found, Please run 'Connect-AzAccount' first"
>> TerminatingError(): "No Azure Context found, Please run 'Connect-AzAccount' first"
>> TerminatingError(): "No Azure Context found, Please run 'Connect-AzAccount' first"
21:15:25|00:01:33|00:00:02.240| - Installation started in background
21:15:32|00:01:39|00:01:16.607| ---------------------------------------------------------------------------
21:15:32|00:01:39|00:01:16.607| Setting up the lab took 0 hour, 1 minute and 39 seconds
21:15:32|00:01:40|00:01:16.623| Lab name is 'demo' and is hosted on 'HyperV'. There are 3 machine(s) and 1 network(s) defined.
21:15:32|00:01:40|00:01:16.623|
21:15:32|00:01:40|00:01:16.639| ----------------------------- Network Summary -----------------------------
21:15:32|00:01:40|00:01:16.654|
21:15:32|00:01:40|00:01:16.654| Name  AddressSpace SwitchType AdapterName IssuedIpAddresses
21:15:32|00:01:40|00:01:16.670| ----  ------------ ---------- ----------- -----------------
21:15:32|00:01:40|00:01:16.670| demo1 10.2.1.0/24    Internal                             0
21:15:32|00:01:40|00:01:16.670|
21:15:32|00:01:40|00:01:16.685|
21:15:32|00:01:40|00:01:16.685| ----------------------------- Domain Summary ------------------------------
21:15:32|00:01:40|00:01:16.708|
21:15:32|00:01:40|00:01:16.723| Name     Administrator Password  RootDomain
21:15:32|00:01:40|00:01:16.723| ----     ------------- --------  ----------
21:15:32|00:01:40|00:01:16.723| demo.com Administrator Somepass1
21:15:32|00:01:40|00:01:16.739|
21:15:32|00:01:40|00:01:16.739|
21:15:32|00:01:40|00:01:16.739| ------------------------- Virtual Machine Summary -------------------------
21:15:32|00:01:40|00:01:16.770|
21:15:32|00:01:40|00:01:16.770| Name    DomainName IpAddress     Roles       OperatingSystem
21:15:32|00:01:40|00:01:16.770| ----    ---------- ---------     -----       ---------------
21:15:32|00:01:40|00:01:16.786| demodc  demo.com   {10.2.1.0/24} {RootDC}    Windows Serve...
21:15:32|00:01:40|00:01:16.786| democl1 demo.com   {10.2.1.0/24} {WebServer} Windows Serve...
21:15:32|00:01:40|00:01:16.786| democl2 demo.com   {10.2.1.0/24} {}          Windows Serve...
21:15:32|00:01:40|00:01:16.802|
21:15:32|00:01:40|00:01:16.802|
21:15:32|00:01:40|00:01:16.802| ---------------------------------------------------------------------------
21:15:32|00:01:40|00:01:16.817| Please use the following cmdlets to interact with the machines:
21:15:32|00:01:40|00:01:16.821| - Get-LabVMStatus, Get, Start, Restart, Stop, Wait, Connect, Save-LabVM and Wait-LabVMRestart (some of them provide a Wait switch)
21:15:32|00:01:40|00:01:16.829| - Invoke-LabCommand, Enter-LabPSSession, Install-LabSoftwarePackage and Install-LabWindowsFeature (do not require credentials and
21:15:32|00:01:40|00:01:16.833|   work the same way with Hyper-V and Azure)
21:15:32|00:01:40|00:01:16.837| - Checkpoint-LabVM, Restore-LabVMSnapshot and Get-LabVMSnapshot (only for Hyper-V)
21:15:32|00:01:40|00:01:16.837| - Get-LabInternetFile downloads files from the internet and places them on LabSources (locally or on Azure)
21:15:32|00:01:40|00:01:16.837| ---------------------------------------------------------------------------
PS>$global:?
True
