**********************
Windows PowerShell transcript start
Start time: 20190718131216
Username: THINKPAD\Prateek
RunAs User: THINKPAD\Prateek
Configuration Name: 
Machine: THINKPAD (Microsoft Windows NT 10.0.18362.0)
Host Application: C:\WINDOWS\System32\WindowsPowerShell\v1.0\powershell.exe D:\Workspace\LabAutomation\BuildRequest\6f678bd4-4931-456d-887f-d71f7d2125b0\6f678bd4-4931-456d-887f-d71f7d2125b0.ps1
Process ID: 20608
PSVersion: 5.1.18362.145
PSEdition: Desktop
PSCompatibleVersions: 1.0, 2.0, 3.0, 4.0, 5.0, 5.1.18362.145
BuildVersion: 10.0.18362.145
CLRVersion: 4.0.30319.42000
WSManStackVersion: 3.0
PSRemotingProtocolVersion: 2.3
SerializationVersion: 1.1.0.1
**********************
Transcript started, output file is D:\Workspace\LabAutomation\BuildRequest\6f678bd4-4931-456d-887f-d71f7d2125b0\6f678bd4-4931-456d-887f-d71f7d2125b0.log
13:12:19|00:00:00|00:00:00.003| Validating lab definition
13:12:23|00:00:03|00:00:03.210| - Issue: 'one.com'. Cause: Domain does not have a RootDC or FirstChildDC. Make sure that all domain contain this role and all machines are in the correct domains.
PS>TerminatingError(): "System error."
>> $global:?
True
