**********************
Windows PowerShell transcript start
Start time: 20190717141145
Username: THINKPAD\Prateek
RunAs User: THINKPAD\Prateek
Configuration Name: 
Machine: THINKPAD (Microsoft Windows NT 10.0.18362.0)
Host Application: C:\WINDOWS\System32\WindowsPowerShell\v1.0\powershell.exe D:\Workspace\LabAutomation\BuildRequest\5af7449c-859b-4ea9-9b3a-3b1556ac95b3\5af7449c-859b-4ea9-9b3a-3b1556ac95b3.ps1
Process ID: 14164
PSVersion: 5.1.18362.145
PSEdition: Desktop
PSCompatibleVersions: 1.0, 2.0, 3.0, 4.0, 5.0, 5.1.18362.145
BuildVersion: 10.0.18362.145
CLRVersion: 4.0.30319.42000
WSManStackVersion: 3.0
PSRemotingProtocolVersion: 2.3
SerializationVersion: 1.1.0.1
**********************
Transcript started, output file is D:\Workspace\LabAutomation\BuildRequest\5af7449c-859b-4ea9-9b3a-3b1556ac95b3\5af7449c-859b-4ea9-9b3a-3b1556ac95b3.log
14:11:48|00:00:00|00:00:00.000| Initialization
14:11:48|00:00:00|00:00:00.047| - Host operating system version: '10.0.18362'
14:11:48|00:00:00|00:00:00.055| - Creating new lab definition with name 'testlab'
14:11:48|00:00:00|00:00:00.103| - Location of lab definition files will be 'C:\ProgramData\AutomatedLab\Labs\testlab'
14:11:49|00:00:01|00:00:01.252| - Location of LabSources folder is 'D:\LabSources'
14:11:49|00:00:01|00:00:00.000| - Auto-adding ISO files
14:11:49|00:00:01|00:00:00.308|   - found 5 OS images in the cache
PS>TerminatingError(): "No Azure Context found, Please run 'Connect-AzAccount' first"
>> TerminatingError(): "No Azure Context found, Please run 'Connect-AzAccount' first"
>> TerminatingError(): "No Azure Context found, Please run 'Connect-AzAccount' first"
14:11:50|00:00:02|00:00:00.708|   - Added 'D:\LabSources\ISOs\17763.379.190312-0539.rs5_release_svc_refresh_SERVERESSENTIALS_OEM_x64FRE_en-us.iso'
14:11:50|00:00:02|00:00:00.724|   - Added 'D:\LabSources\ISOs\en_windows_server_2016_x64_dvd_9718492.iso'
14:11:50|00:00:02|00:00:00.728|   - Added 'D:\LabSources\ISOs\ubuntu-18.04.2-desktop-amd64.iso'
14:11:50|00:00:02|00:00:00.740|   - Done
14:11:50|00:00:02|00:00:02.052| - Path for VMs specified as 'D:\VHD\'
14:11:51|00:00:03|00:00:00.000| - Adding Hyper-V machine definition 'dc1'         (Roles: RootDC)
14:11:53|00:00:04|00:00:01.695|   - Done
14:11:53|00:00:04|00:00:00.000| - Adding Hyper-V machine definition 'srv1'        (Roles: WebServer)
14:11:53|00:00:05|00:00:00.339|   - Done
14:11:53|00:00:05|00:00:00.000| - Adding Hyper-V machine definition 'srv2'        (Roles: FileServer)
14:11:53|00:00:05|00:00:00.299|   - Done
14:11:54|00:00:06|00:00:06.499| Estimated (additional) local drive space needed for all machines: 6 GB
14:11:54|00:00:06|00:00:06.647| Location of Hyper-V machines will be 'D:\VHD\'
14:11:55|00:00:06|00:00:06.879| Done
14:11:55|00:00:07|00:00:00.000| Validating lab definition
14:11:57|00:00:09|00:00:02.556| - Could not invoke validator AutomatedLab.UnknownRoleProperties
14:11:58|00:00:10|00:00:02.992| - Success

14:11:58|00:00:10|00:00:00.000| Lab 'testlab' hosted on 'HyperV' imported with 3 machines
14:11:59|00:00:11|00:00:00.000| Creating virtual networks
14:11:59|00:00:11|00:00:00.000| - Creating Hyper-V virtual network 'myvnet'
14:12:04|00:00:16|00:00:04.247|   - Done
14:12:04|00:00:16|00:00:04.379| - Done
14:12:04|00:00:16|00:00:05.747| done
14:12:04|00:00:16|00:00:00.000| Creating base images
14:12:06|00:00:18|00:00:02.035| - All base images were created previously
14:12:07|00:00:19|00:00:03.432| - Done
14:12:07|00:00:19|00:00:09.247| done
14:12:07|00:00:19|00:00:00.000| Creating Additional Disks
14:12:09|00:00:21|00:00:01.900| - Done
14:12:09|00:00:21|00:00:00.000| Creating VMs
14:12:10|00:00:21|00:00:00.336| - The hosts file has been added 6 records. Clean them up using 'Remove-Lab' or manually if needed
14:12:10|00:00:21|00:00:00.000| - Creating HyperV machine 'dc1'
.
.
.
.
.
14:12:19|00:00:30|00:00:08.993|   - Done
14:12:19|00:00:30|00:00:00.000| - Creating HyperV machine 'srv1'
.
.
.
.
.
14:12:23|00:00:35|00:00:04.843|   - Done
14:12:24|00:00:35|00:00:00.003| - Creating HyperV machine 'srv2'
.
.
.
.
.
14:12:29|00:00:41|00:00:05.653|   - Done
14:12:29|00:00:41|00:00:00.000| - Waiting for all machines to finish installing
14:12:29|00:00:41|00:00:00.008|   - Done
14:12:30|00:00:42|00:00:20.714| - Done
14:12:30|00:00:42|00:00:00.000| Installing Root Domain Controllers
14:12:30|00:00:42|00:00:00.015| - Machines with RootDC role to be installed: 'dc1'
14:12:31|00:00:42|00:00:00.663| - Waiting for machines to start up
.
.
.
.
.
14:13:19|00:01:31|00:00:48.803| - Waiting for Root Domain Controllers to complete installation of Active Directory and restart
.
.
.
.
.
.
.
done
14:17:38|00:05:50|00:05:07.845| - Root Domain Controllers have now restarted. Waiting for Active Directory to start up
.
.
PS>TerminatingError(Invoke-LabCommand): "Cannot bind argument to parameter 'ComputerName' because it is an empty array."
.
.
.
.
.
.
.
.
.
.
14:24:49|00:13:01|00:12:19.231| - Done
14:24:49|00:13:01|00:00:00.000| Installing Web Servers
14:24:49|00:13:01|00:00:00.011| - Machines to have Web Server role installed: 'srv1'
14:24:49|00:13:01|00:00:00.039| - Waiting for machines to start up
.
.
.
.
.
.
.
.
.
.
14:29:01|00:17:13|00:04:11.960| - Waiting for Web Server role to complete installation
.
.
.
.
.
14:30:44|00:18:56|00:05:55.123| - Done
14:30:44|00:18:56|00:00:00.000| Starting remaining machines
14:30:44|00:18:56|00:00:00.008| - Waiting for machines to start up...
.
.
.
.
14:31:58|00:20:10|00:01:14.026| - Done
PS>TerminatingError(): "No Azure Context found, Please run 'Connect-AzAccount' first"
>> TerminatingError(): "No Azure Context found, Please run 'Connect-AzAccount' first"
>> TerminatingError(): "No Azure Context found, Please run 'Connect-AzAccount' first"
14:31:59|00:20:11|00:00:00.000| Installing software package 'D:\LabSources\SoftwarePackages\Notepad++.exe' on machines 'dc1, srv1, srv2'
PS>TerminatingError(): "No Azure Context found, Please run 'Connect-AzAccount' first"
>> TerminatingError(): "No Azure Context found, Please run 'Connect-AzAccount' first"
>> TerminatingError(): "No Azure Context found, Please run 'Connect-AzAccount' first"
PS>TerminatingError(): "No Azure Context found, Please run 'Connect-AzAccount' first"
>> TerminatingError(): "No Azure Context found, Please run 'Connect-AzAccount' first"
>> TerminatingError(): "No Azure Context found, Please run 'Connect-AzAccount' first"
14:32:51|00:21:03|00:00:51.622| - Installation started in background
PS>TerminatingError(): "No Azure Context found, Please run 'Connect-AzAccount' first"
>> TerminatingError(): "No Azure Context found, Please run 'Connect-AzAccount' first"
>> TerminatingError(): "No Azure Context found, Please run 'Connect-AzAccount' first"
14:32:51|00:21:03|00:00:00.004| Installing software package 'D:\LabSources\SoftwarePackages\winrar.exe' on machines 'dc1, srv1, srv2'
PS>TerminatingError(): "No Azure Context found, Please run 'Connect-AzAccount' first"
>> TerminatingError(): "No Azure Context found, Please run 'Connect-AzAccount' first"
>> TerminatingError(): "No Azure Context found, Please run 'Connect-AzAccount' first"
PS>TerminatingError(): "No Azure Context found, Please run 'Connect-AzAccount' first"
>> TerminatingError(): "No Azure Context found, Please run 'Connect-AzAccount' first"
>> TerminatingError(): "No Azure Context found, Please run 'Connect-AzAccount' first"
14:32:58|00:21:10|00:00:07.013| - Installation started in background
PS>$global:?
True
