**********************
Windows PowerShell transcript start
Start time: 20190717134350
Username: THINKPAD\Prateek
RunAs User: THINKPAD\Prateek
Configuration Name: 
Machine: THINKPAD (Microsoft Windows NT 10.0.18362.0)
Host Application: C:\WINDOWS\System32\WindowsPowerShell\v1.0\powershell.exe D:\Workspace\LabAutomation\BuildRequest\e5fbc42f-eb52-4087-84a6-4ab042fe150e\e5fbc42f-eb52-4087-84a6-4ab042fe150e.ps1
Process ID: 10352
PSVersion: 5.1.18362.145
PSEdition: Desktop
PSCompatibleVersions: 1.0, 2.0, 3.0, 4.0, 5.0, 5.1.18362.145
BuildVersion: 10.0.18362.145
CLRVersion: 4.0.30319.42000
WSManStackVersion: 3.0
PSRemotingProtocolVersion: 2.3
SerializationVersion: 1.1.0.1
**********************
Transcript started, output file is D:\Workspace\LabAutomation\BuildRequest\e5fbc42f-eb52-4087-84a6-4ab042fe150e\e5fbc42f-eb52-4087-84a6-4ab042fe150e.log
13:43:53|00:00:00|00:00:00.000| Initialization
13:43:53|00:00:00|00:00:00.048| - Host operating system version: '10.0.18362'
13:43:53|00:00:00|00:00:00.056| - Creating new lab definition with name 'demo'
13:43:53|00:00:00|00:00:00.080| - Location of lab definition files will be 'C:\ProgramData\AutomatedLab\Labs\demo'
13:43:54|00:00:01|00:00:01.020| - Location of LabSources folder is 'D:\LabSources'
13:43:54|00:00:01|00:00:00.000| - Auto-adding ISO files
13:43:55|00:00:01|00:00:00.291|   - found 5 OS images in the cache
PS>TerminatingError(): "No Azure Context found, Please run 'Connect-AzAccount' first"
>> TerminatingError(): "No Azure Context found, Please run 'Connect-AzAccount' first"
>> TerminatingError(): "No Azure Context found, Please run 'Connect-AzAccount' first"
13:43:55|00:00:01|00:00:00.727|   - Added 'D:\LabSources\ISOs\17763.379.190312-0539.rs5_release_svc_refresh_SERVERESSENTIALS_OEM_x64FRE_en-us.iso'
13:43:55|00:00:01|00:00:00.739|   - Added 'D:\LabSources\ISOs\en_windows_server_2016_x64_dvd_9718492.iso'
13:43:55|00:00:01|00:00:00.747|   - Added 'D:\LabSources\ISOs\ubuntu-18.04.2-desktop-amd64.iso'
13:43:55|00:00:01|00:00:00.759|   - Done
13:43:55|00:00:01|00:00:01.836| - Path for VMs specified as 'D:\VHD\'
13:43:56|00:00:02|00:00:00.000| - Adding Hyper-V machine definition 'dc2'         (Roles: RootDC)
13:43:58|00:00:04|00:00:01.480|   - Done
13:43:58|00:00:04|00:00:00.000| - Adding Hyper-V machine definition 'client01'    (Roles: WebServer)
13:43:58|00:00:04|00:00:00.310|   - Done
13:43:58|00:00:04|00:00:00.000| - Adding Hyper-V machine definition 'client02'    (Roles: FileServer)
13:43:58|00:00:04|00:00:00.268|   - Done
13:43:59|00:00:05|00:00:05.754| Estimated (additional) local drive space needed for all machines: 6 GB
13:43:59|00:00:05|00:00:05.892| Location of Hyper-V machines will be 'D:\VHD\'
13:43:59|00:00:06|00:00:06.088| Done
13:44:00|00:00:06|00:00:00.000| Validating lab definition
13:44:02|00:00:08|00:00:02.270| - Could not invoke validator AutomatedLab.UnknownRoleProperties
13:44:02|00:00:08|00:00:02.651| - Success

13:44:03|00:00:09|00:00:00.000| Lab 'demo' hosted on 'HyperV' imported with 3 machines
13:44:04|00:00:10|00:00:00.000| Creating virtual networks
13:44:04|00:00:10|00:00:00.000| - Creating Hyper-V virtual network 'vn001'
13:44:08|00:00:14|00:00:04.270|   - Done
13:44:08|00:00:14|00:00:04.428| - Done
13:44:08|00:00:15|00:00:05.743| done
13:44:08|00:00:15|00:00:00.000| Creating base images
13:44:10|00:00:17|00:00:02.088| - All base images were created previously
13:44:12|00:00:18|00:00:03.456| - Done
13:44:12|00:00:18|00:00:09.251| done
13:44:12|00:00:18|00:00:00.000| Creating Additional Disks
13:44:14|00:00:20|00:00:01.580| - Done
13:44:14|00:00:20|00:00:00.000| Creating VMs
13:44:14|00:00:20|00:00:00.349| - The hosts file has been added 6 records. Clean them up using 'Remove-Lab' or manually if needed
13:44:14|00:00:20|00:00:00.000| - Creating HyperV machine 'dc2'
.
.
.
.
.
13:44:23|00:00:29|00:00:08.734|   - Done
13:44:23|00:00:29|00:00:00.000| - Creating HyperV machine 'client01'
.
.
.
.
.
13:44:29|00:00:35|00:00:06.701|   - Done
13:44:29|00:00:35|00:00:00.000| - Creating HyperV machine 'client02'
.
.
.
.
.
13:44:37|00:00:43|00:00:07.131|   - Done
13:44:37|00:00:43|00:00:00.000| - Waiting for all machines to finish installing
13:44:37|00:00:43|00:00:00.012|   - Done
13:44:39|00:00:45|00:00:25.311| - Done
13:44:39|00:00:45|00:00:00.000| Installing Root Domain Controllers
13:44:39|00:00:45|00:00:00.034| - Machines with RootDC role to be installed: 'dc2'
13:44:41|00:00:47|00:00:01.694| - Waiting for machines to start up
.
.
.
.
.
13:45:32|00:01:38|00:00:52.763| - Waiting for Root Domain Controllers to complete installation of Active Directory and restart
.
.
.
.
.
.
.
done
13:49:53|00:05:59|00:05:13.750| - Root Domain Controllers have now restarted. Waiting for Active Directory to start up
.
.
PS>TerminatingError(Invoke-LabCommand): "Cannot bind argument to parameter 'ComputerName' because it is an empty array."
.
.
.
.
.
.
.
.
.
.
13:57:06|00:13:13|00:12:27.626| - Done
13:57:07|00:13:13|00:00:00.000| Installing Web Servers
13:57:07|00:13:13|00:00:00.008| - Machines to have Web Server role installed: 'client01'
13:57:07|00:13:13|00:00:00.052| - Waiting for machines to start up
.
.
.
.
.
.
.
.
.
.
14:01:22|00:17:28|00:04:15.169| - Waiting for Web Server role to complete installation
.
.
.
.
.
.
14:03:33|00:19:39|00:06:26.522| - Done
14:03:33|00:19:39|00:00:00.000| Starting remaining machines
14:03:33|00:19:39|00:00:00.008| - Waiting for machines to start up...
PS>TerminatingError(Start-VM): "The running command stopped because the preference variable "ErrorActionPreference" or common parameter is set to Stop: 'client02' failed to start.

Not enough memory in the system to start the virtual machine client02.

Could not initialize memory: Ran out of memory (0x8007000E).

'client02' failed to start. (Virtual machine ID 83F88F46-7722-4448-94CC-4975F17841AA)

Not enough memory in the system to start the virtual machine client02 with ram size 4096 megabytes. (Virtual machine ID 83F88F46-7722-4448-94CC-4975F17841AA)

'client02' could not initialize memory: Ran out of memory (0x8007000E). (Virtual machine ID 83F88F46-7722-4448-94CC-4975F17841AA)"
PS>TerminatingError(): "Could not start Hyper-V machine 'client02': 'client02' failed to start.

Not enough memory in the system to start the virtual machine client02.

Could not initialize memory: Ran out of memory (0x8007000E).

'client02' failed to start. (Virtual machine ID 83F88F46-7722-4448-94CC-4975F17841AA)

Not enough memory in the system to start the virtual machine client02 with ram size 4096 megabytes. (Virtual machine ID 83F88F46-7722-4448-94CC-4975F17841AA)

'client02' could not initialize memory: Ran out of memory (0x8007000E). (Virtual machine ID 83F88F46-7722-4448-94CC-4975F17841AA)"
>> TerminatingError(): "Could not start Hyper-V machine 'client02': 'client02' failed to start.

Not enough memory in the system to start the virtual machine client02.

Could not initialize memory: Ran out of memory (0x8007000E).

'client02' failed to start. (Virtual machine ID 83F88F46-7722-4448-94CC-4975F17841AA)

Not enough memory in the system to start the virtual machine client02 with ram size 4096 megabytes. (Virtual machine ID 83F88F46-7722-4448-94CC-4975F17841AA)

'client02' could not initialize memory: Ran out of memory (0x8007000E). (Virtual machine ID 83F88F46-7722-4448-94CC-4975F17841AA)"
>> TerminatingError(): "Could not start Hyper-V machine 'client02': 'client02' failed to start.

Not enough memory in the system to start the virtual machine client02.

Could not initialize memory: Ran out of memory (0x8007000E).

'client02' failed to start. (Virtual machine ID 83F88F46-7722-4448-94CC-4975F17841AA)

Not enough memory in the system to start the virtual machine client02 with ram size 4096 megabytes. (Virtual machine ID 83F88F46-7722-4448-94CC-4975F17841AA)

'client02' could not initialize memory: Ran out of memory (0x8007000E). (Virtual machine ID 83F88F46-7722-4448-94CC-4975F17841AA)"
>> TerminatingError(): "Could not start Hyper-V machine 'client02': 'client02' failed to start.

Not enough memory in the system to start the virtual machine client02.

Could not initialize memory: Ran out of memory (0x8007000E).

'client02' failed to start. (Virtual machine ID 83F88F46-7722-4448-94CC-4975F17841AA)

Not enough memory in the system to start the virtual machine client02 with ram size 4096 megabytes. (Virtual machine ID 83F88F46-7722-4448-94CC-4975F17841AA)

'client02' could not initialize memory: Ran out of memory (0x8007000E). (Virtual machine ID 83F88F46-7722-4448-94CC-4975F17841AA)"
>> TerminatingError(): "Could not start Hyper-V machine 'client02': 'client02' failed to start.

Not enough memory in the system to start the virtual machine client02.

Could not initialize memory: Ran out of memory (0x8007000E).

'client02' failed to start. (Virtual machine ID 83F88F46-7722-4448-94CC-4975F17841AA)

Not enough memory in the system to start the virtual machine client02 with ram size 4096 megabytes. (Virtual machine ID 83F88F46-7722-4448-94CC-4975F17841AA)

'client02' could not initialize memory: Ran out of memory (0x8007000E). (Virtual machine ID 83F88F46-7722-4448-94CC-4975F17841AA)"
Could not start Hyper-V machine 'client02': 'client02' failed to start.

Not enough memory in the system to start the virtual machine client02.

Could not initialize memory: Ran out of memory (0x8007000E).

'client02' failed to start. (Virtual machine ID 83F88F46-7722-4448-94CC-4975F17841AA)

Not enough memory in the system to start the virtual machine client02 with ram size 4096 megabytes. (Virtual machine ID 83F88F46-7722-4448-94CC-4975F17841AA)

'client02' could not initialize memory: Ran out of memory (0x8007000E). (Virtual machine ID 83F88F46-7722-4448-94CC-4975F17841AA)
Could not start Hyper-V machine 'client02': 'client02' failed to start.

Not enough memory in the system to start the virtual machine client02.

Could not initialize memory: Ran out of memory (0x8007000E).

'client02' failed to start. (Virtual machine ID 83F88F46-7722-4448-94CC-4975F17841AA)

Not enough memory in the system to start the virtual machine client02 with ram size 4096 megabytes. (Virtual machine ID 83F88F46-7722-4448-94CC-4975F17841AA)

'client02' could not initialize memory: Ran out of memory (0x8007000E). (Virtual machine ID 83F88F46-7722-4448-94CC-4975F17841AA)
At C:\Program Files\WindowsPowerShell\Modules\AutomatedLabWorker\5.10.0\AutomatedLabWorkerVirtualMachines.psm1:955 char:13
+             throw $ex
+             ~~~~~~~~~
    + CategoryInfo          : OperationStopped: (:) [], Exception
    + FullyQualifiedErrorId : Could not start Hyper-V machine 'client02': 'client02' failed to start.

Not enough memory in the system to start the virtual machine client02.

Could not initialize memory: Ran out of memory (0x8007000E).

'client02' failed to start. (Virtual machine ID 83F88F46-7722-4448-94CC-4975F17841AA)

Not enough memory in the system to start the virtual machine client02 with ram size 4096 megabytes. (Virtual machine ID 83F88F46-7722-4448-94CC-4975F17841AA)

'client02' could not initialize memory: Ran out of memory (0x8007000E). (Virtual machine ID 83F88F46-7722-4448-94CC-4975F17841AA)

PS>$global:?
False
**********************
Windows PowerShell transcript end
End time: 20190717140344
**********************
