**********************
Windows PowerShell transcript start
Start time: 20190717133635
Username: THINKPAD\Prateek
RunAs User: THINKPAD\Prateek
Configuration Name: 
Machine: THINKPAD (Microsoft Windows NT 10.0.18362.0)
Host Application: C:\WINDOWS\System32\WindowsPowerShell\v1.0\powershell.exe D:\Workspace\LabAutomation\BuildRequest\1c223765-059e-4d27-bb61-727c71fadd1b\1c223765-059e-4d27-bb61-727c71fadd1b.ps1
Process ID: 13936
PSVersion: 5.1.18362.145
PSEdition: Desktop
PSCompatibleVersions: 1.0, 2.0, 3.0, 4.0, 5.0, 5.1.18362.145
BuildVersion: 10.0.18362.145
CLRVersion: 4.0.30319.42000
WSManStackVersion: 3.0
PSRemotingProtocolVersion: 2.3
SerializationVersion: 1.1.0.1
**********************
Transcript started, output file is D:\Workspace\LabAutomation\BuildRequest\1c223765-059e-4d27-bb61-727c71fadd1b\1c223765-059e-4d27-bb61-727c71fadd1b.log
13:36:39|00:00:00|00:00:00.000| Initialization
13:36:39|00:00:00|00:00:00.048| - Host operating system version: '10.0.18362'
13:36:39|00:00:00|00:00:00.055| - Creating new lab definition with name 'demo'
13:36:39|00:00:00|00:00:00.076| - Location of lab definition files will be 'C:\ProgramData\AutomatedLab\Labs\demo'
13:36:40|00:00:01|00:00:01.064| - Location of LabSources folder is 'D:\LabSources'
13:36:40|00:00:01|00:00:00.000| - Auto-adding ISO files
13:36:40|00:00:01|00:00:00.344|   - found 5 OS images in the cache
PS>TerminatingError(): "No Azure Context found, Please run 'Connect-AzAccount' first"
>> TerminatingError(): "No Azure Context found, Please run 'Connect-AzAccount' first"
>> TerminatingError(): "No Azure Context found, Please run 'Connect-AzAccount' first"
13:36:40|00:00:01|00:00:00.688|   - Added 'D:\LabSources\ISOs\17763.379.190312-0539.rs5_release_svc_refresh_SERVERESSENTIALS_OEM_x64FRE_en-us.iso'
13:36:40|00:00:01|00:00:00.700|   - Added 'D:\LabSources\ISOs\en_windows_server_2016_x64_dvd_9718492.iso'
13:36:40|00:00:01|00:00:00.708|   - Added 'D:\LabSources\ISOs\ubuntu-18.04.2-desktop-amd64.iso'
13:36:41|00:00:01|00:00:00.724|   - Done
13:36:41|00:00:01|00:00:01.844| - Path for VMs specified as 'D:\VHD\'
13:36:42|00:00:02|00:00:00.000| - Adding Hyper-V machine definition 'dc2'         (Roles: RootDC)
13:36:43|00:00:04|00:00:01.488|   - Done
13:36:43|00:00:04|00:00:00.000| - Adding Hyper-V machine definition 'client01'    (Roles: WebServer)
13:36:43|00:00:04|00:00:00.280|   - Done
13:36:43|00:00:04|00:00:00.000| - Adding Hyper-V machine definition 'client02'    (Roles: FileServer)
13:36:44|00:00:04|00:00:00.275|   - Done
13:36:44|00:00:05|00:00:05.702| Estimated (additional) local drive space needed for all machines: 6 GB
13:36:45|00:00:05|00:00:05.842| Location of Hyper-V machines will be 'D:\VHD\'
13:36:45|00:00:06|00:00:06.042| Done
13:36:45|00:00:06|00:00:00.000| Validating lab definition
13:36:47|00:00:08|00:00:02.297| - Could not invoke validator AutomatedLab.UnknownRoleProperties
13:36:48|00:00:08|00:00:02.671| - Success

13:36:48|00:00:09|00:00:00.000| Lab 'demo' hosted on 'HyperV' imported with 3 machines
13:36:49|00:00:10|00:00:00.000| Creating virtual networks
13:36:49|00:00:10|00:00:00.004| - Creating Hyper-V virtual network 'vn001'
13:36:53|00:00:14|00:00:04.061|   - Done
13:36:53|00:00:14|00:00:04.206| - Done
13:36:53|00:00:14|00:00:05.506| done
13:36:53|00:00:14|00:00:00.000| Creating base images
13:36:56|00:00:16|00:00:02.085| - All base images were created previously
13:36:57|00:00:18|00:00:03.450| - Done
13:36:57|00:00:18|00:00:09.004| done
13:36:57|00:00:18|00:00:00.000| Creating Additional Disks
13:36:58|00:00:19|00:00:01.555| - Done
13:36:58|00:00:19|00:00:00.000| Creating VMs
13:36:59|00:00:20|00:00:00.372| - The hosts file has been added 6 records. Clean them up using 'Remove-Lab' or manually if needed
13:36:59|00:00:20|00:00:00.000| - Creating HyperV machine 'dc2'
.
.
.
.
.
13:37:07|00:00:28|00:00:08.023|   - Done
13:37:07|00:00:28|00:00:00.000| - Creating HyperV machine 'client01'
.
.
.
.
.
13:37:12|00:00:33|00:00:04.918|   - Done
13:37:12|00:00:33|00:00:00.000| - Creating HyperV machine 'client02'
.
.
.
.
.
13:37:17|00:00:38|00:00:05.574|   - Done
13:37:18|00:00:38|00:00:00.000| - Waiting for all machines to finish installing
13:37:18|00:00:38|00:00:00.016|   - Done
13:37:19|00:00:40|00:00:20.572| - Done
13:37:19|00:00:40|00:00:00.000| Installing Root Domain Controllers
13:37:19|00:00:40|00:00:00.008| - Machines with RootDC role to be installed: 'dc2'
13:37:20|00:00:41|00:00:00.608| - Waiting for machines to start up
.
.
.
.
.
.
13:38:20|00:01:41|00:01:01.232| - Waiting for Root Domain Controllers to complete installation of Active Directory and restart
.
.
.
.
.
.
.
PS>TerminatingError(): "The pipeline has been stopped."
>> TerminatingError(): "The pipeline has been stopped."
>> TerminatingError(): "The pipeline has been stopped."
>> TerminatingError(): "The pipeline has been stopped."
>> TerminatingError(): "The pipeline has been stopped."
>> TerminatingError(): "The pipeline has been stopped."
>> TerminatingError(): "The pipeline has been stopped."
>> $global:?
False
