**********************
Windows PowerShell transcript start
Start time: 20190718050032
Username: THINKPAD\Prateek
RunAs User: THINKPAD\Prateek
Configuration Name: 
Machine: THINKPAD (Microsoft Windows NT 10.0.18362.0)
Host Application: C:\WINDOWS\System32\WindowsPowerShell\v1.0\powershell.exe D:\Workspace\LabAutomation\BuildRequest\9e520c14-3283-447c-b729-ce1ae686c993\9e520c14-3283-447c-b729-ce1ae686c993.ps1
Process ID: 5304
PSVersion: 5.1.18362.145
PSEdition: Desktop
PSCompatibleVersions: 1.0, 2.0, 3.0, 4.0, 5.0, 5.1.18362.145
BuildVersion: 10.0.18362.145
CLRVersion: 4.0.30319.42000
WSManStackVersion: 3.0
PSRemotingProtocolVersion: 2.3
SerializationVersion: 1.1.0.1
**********************
Transcript started, output file is D:\Workspace\LabAutomation\BuildRequest\9e520c14-3283-447c-b729-ce1ae686c993\9e520c14-3283-447c-b729-ce1ae686c993.log
05:00:35|00:00:00|00:00:00.003| Validating lab definition
05:00:39|00:00:03|00:00:03.801| - Could not invoke validator AutomatedLab.UnknownRoleProperties
05:00:40|00:00:04|00:00:04.179| - Success

05:00:40|00:00:04|00:00:00.000| Lab 'testlab' hosted on 'HyperV' imported with 3 machines

05:00:41|00:00:05|00:00:01.187| Lab 'testlab' hosted on 'HyperV' imported with 3 machines
05:00:42|00:00:06|00:00:00.000| Removing lab 'testlab'
05:00:42|00:00:06|00:00:00.071| - Removing lab sessions
05:00:42|00:00:07|00:00:00.875| - Removing lab background jobs
05:00:43|00:00:07|00:00:01.685| - Removing Lab VM 'dc1' (and its associated disks)
05:00:44|00:00:08|00:00:02.519| - Lab VM 'dc1' has been removed
05:00:44|00:00:08|00:00:02.725| - Removing Lab VM 'srv1' (and its associated disks)
05:00:45|00:00:09|00:00:03.211| - Lab VM 'srv1' has been removed
05:00:45|00:00:09|00:00:03.417| - Removing Lab VM 'srv2' (and its associated disks)
05:00:45|00:00:09|00:00:03.795| - Lab VM 'srv2' has been removed
05:00:45|00:00:09|00:00:03.818| - Removing entries in the hosts file
05:00:45|00:00:10|00:00:03.897| - Removing virtual networks
05:00:47|00:00:11|00:00:05.726| - Removing Lab XML files
05:00:48|00:00:12|00:00:06.495| - Done removing lab 'testlab'
05:00:48|00:00:00|00:00:00.000| Initialization
05:00:48|00:00:00|00:00:00.005| - Host operating system version: '10.0.18362'
05:00:48|00:00:00|00:00:00.010| - Creating new lab definition with name 'testlab'
05:00:48|00:00:00|00:00:00.022| - Location of lab definition files will be 'C:\ProgramData\AutomatedLab\Labs\testlab'
05:00:48|00:00:00|00:00:00.298| - Location of LabSources folder is 'D:\LabSources'
05:00:48|00:00:00|00:00:00.000| - Auto-adding ISO files
05:00:49|00:00:00|00:00:00.237|   - found 5 OS images in the cache
PS>TerminatingError(): "No Azure Context found, Please run 'Connect-AzAccount' first"
>> TerminatingError(): "No Azure Context found, Please run 'Connect-AzAccount' first"
>> TerminatingError(): "No Azure Context found, Please run 'Connect-AzAccount' first"
05:00:49|00:00:00|00:00:00.608|   - Added 'D:\LabSources\ISOs\17763.379.190312-0539.rs5_release_svc_refresh_SERVERESSENTIALS_OEM_x64FRE_en-us.iso'
05:00:49|00:00:00|00:00:00.634|   - Added 'D:\LabSources\ISOs\en_windows_server_2016_x64_dvd_9718492.iso'
05:00:49|00:00:00|00:00:00.640|   - Added 'D:\LabSources\ISOs\ubuntu-18.04.2-desktop-amd64.iso'
05:00:49|00:00:00|00:00:00.661|   - Done
05:00:49|00:00:01|00:00:01.010| - Path for VMs specified as 'D:\VHD\'
05:00:50|00:00:01|00:00:00.001| - Adding Hyper-V machine definition 'dc1'         (Roles: RootDC)
05:00:51|00:00:03|00:00:01.307|   - Done
05:00:51|00:00:03|00:00:00.000| - Adding Hyper-V machine definition 'srv1'        (Roles: WebServer)
05:00:52|00:00:03|00:00:00.368|   - Done
05:00:52|00:00:03|00:00:00.000| - Adding Hyper-V machine definition 'srv2'        (Roles: FileServer)
05:00:52|00:00:03|00:00:00.297|   - Done
05:00:53|00:00:04|00:00:04.596| Estimated (additional) local drive space needed for all machines: 6 GB
05:00:53|00:00:04|00:00:04.743| Location of Hyper-V machines will be 'D:\VHD\'
05:00:53|00:00:04|00:00:04.811| Done
05:00:53|00:00:04|00:00:00.000| Validating lab definition
05:00:54|00:00:05|00:00:00.823| - Could not invoke validator AutomatedLab.UnknownRoleProperties
05:00:54|00:00:06|00:00:01.103| - Success

05:00:54|00:00:06|00:00:00.000| Lab 'testlab' hosted on 'HyperV' imported with 3 machines
05:00:56|00:00:07|00:00:00.001| Creating virtual networks
05:00:56|00:00:07|00:00:00.000| - Creating Hyper-V virtual network 'myvnet01'
05:00:59|00:00:11|00:00:03.365|   - Done
05:01:00|00:00:11|00:00:03.516| - Done
05:01:00|00:00:11|00:00:05.158| done
05:01:00|00:00:11|00:00:00.000| Creating base images
05:01:02|00:00:13|00:00:02.186| - All base images were created previously
05:01:03|00:00:14|00:00:03.486| - Done
05:01:03|00:00:14|00:00:08.662| done
05:01:03|00:00:14|00:00:00.000| Creating Additional Disks
05:01:05|00:00:16|00:00:01.798| - Done
05:01:05|00:00:16|00:00:00.000| Creating VMs
05:01:05|00:00:17|00:00:00.382| - The hosts file has been added 6 records. Clean them up using 'Remove-Lab' or manually if needed
05:01:05|00:00:17|00:00:00.000| - Creating HyperV machine 'dc1'
.
.
.
.
.
05:01:13|00:00:24|00:00:07.495|   - Done
05:01:13|00:00:24|00:00:00.001| - Creating HyperV machine 'srv1'
.
.
.
.
.
05:01:18|00:00:30|00:00:05.326|   - Done
05:01:18|00:00:30|00:00:00.000| - Creating HyperV machine 'srv2'
.
.
.
.
.
05:01:24|00:00:35|00:00:05.627|   - Done
05:01:24|00:00:35|00:00:00.000| - Waiting for all machines to finish installing
05:01:24|00:00:35|00:00:00.012|   - Done
05:01:25|00:00:36|00:00:19.713| - Done
05:01:25|00:00:36|00:00:00.000| Installing Root Domain Controllers
05:01:25|00:00:36|00:00:00.016| - Machines with RootDC role to be installed: 'dc1'
05:01:26|00:00:37|00:00:00.892| - Waiting for machines to start up
.
.
.
