**********************
Windows PowerShell transcript start
Start time: 20190625095855
Username: THINKPAD\Prateek
RunAs User: THINKPAD\Prateek
Configuration Name: 
Machine: THINKPAD (Microsoft Windows NT 10.0.17763.0)
Host Application: C:\Windows\System32\WindowsPowerShell\v1.0\powershell.exe D:\Workspace\LabAutomation\BuildRequest\c67bceb5-cf40-40a4-bd4b-81f15bfd9098\c67bceb5-cf40-40a4-bd4b-81f15bfd9098.ps1
Process ID: 22944
PSVersion: 5.1.17763.503
PSEdition: Desktop
PSCompatibleVersions: 1.0, 2.0, 3.0, 4.0, 5.0, 5.1.17763.503
BuildVersion: 10.0.17763.503
CLRVersion: 4.0.30319.42000
WSManStackVersion: 3.0
PSRemotingProtocolVersion: 2.3
SerializationVersion: 1.1.0.1
**********************
Transcript started, output file is D:\Workspace\LabAutomation\BuildRequest\c67bceb5-cf40-40a4-bd4b-81f15bfd9098\c67bceb5-cf40-40a4-bd4b-81f15bfd9098.log
09:58:55|00:00:00|00:00:00.000| Initialization
09:58:55|00:00:00|00:00:00.007| - Host operating system version: '10.0.17763'
09:58:55|00:00:00|00:00:00.012| - Creating new lab definition with name 'demo'
09:58:55|00:00:00|00:00:00.023| - Location of lab definition files will be 'C:\ProgramData\AutomatedLab\Labs\demo'
09:58:58|00:00:02|00:00:02.617| - Location of LabSources folder is 'D:\LabSources'
09:58:58|00:00:02|00:00:00.000| - Auto-adding ISO files
09:58:58|00:00:02|00:00:00.215|   - found 5 OS images in the cache
PS>TerminatingError(): "No Azure Context found, Please run 'Connect-AzAccount' first"
>> TerminatingError(): "No Azure Context found, Please run 'Connect-AzAccount' first"
>> TerminatingError(): "No Azure Context found, Please run 'Connect-AzAccount' first"
09:58:58|00:00:03|00:00:00.561|   - Added 'D:\LabSources\ISOs\17763.379.190312-0539.rs5_release_svc_refresh_SERVERESSENTIALS_OEM_x64FRE_en-us.iso'
09:58:58|00:00:03|00:00:00.574|   - Added 'D:\LabSources\ISOs\en_windows_server_2016_x64_dvd_9718492.iso'
09:58:58|00:00:03|00:00:00.578|   - Added 'D:\LabSources\ISOs\ubuntu-18.04.2-desktop-amd64.iso'
09:58:58|00:00:03|00:00:00.591|   - Done
09:58:58|00:00:03|00:00:03.249| - Path for VMs specified as 'D:\VHD\'
09:58:59|00:00:03|00:00:00.000| - Adding Hyper-V machine definition 'mydc1'       (Roles: RootDC)
09:59:00|00:00:05|00:00:01.405|   - Done
09:59:00|00:00:05|00:00:00.000| - Adding Hyper-V machine definition 'client1'     (Roles: WebServer)
09:59:01|00:00:05|00:00:00.330|   - Done
09:59:01|00:00:05|00:00:00.000| - Adding Hyper-V machine definition 'client2'     (Roles: WebServer, FileServer)
09:59:01|00:00:05|00:00:00.257|   - Done
09:59:02|00:00:06|00:00:06.657| Estimated (additional) local drive space needed for all machines: 6 GB
09:59:02|00:00:06|00:00:06.779| Location of Hyper-V machines will be 'D:\VHD\'
09:59:02|00:00:06|00:00:06.844| Done
09:59:02|00:00:06|00:00:00.000| Validating lab definition
09:59:03|00:00:07|00:00:00.808| - Could not invoke validator AutomatedLab.UnknownRoleProperties
09:59:03|00:00:08|00:00:01.084| - Success

09:59:03|00:00:08|00:00:00.000| Lab 'demo' hosted on 'HyperV' imported with 3 machines
09:59:04|00:00:09|00:00:00.000| Creating virtual networks
09:59:04|00:00:09|00:00:00.000| - Creating Hyper-V virtual network 'vnet01'
09:59:07|00:00:12|00:00:02.732|   - Done
09:59:07|00:00:12|00:00:02.805| - Done
09:59:07|00:00:12|00:00:03.985| done
09:59:07|00:00:12|00:00:00.000| Creating base images
09:59:10|00:00:14|00:00:02.402| - All base images were created previously
09:59:11|00:00:15|00:00:03.692| - Done
09:59:11|00:00:15|00:00:07.692| done
09:59:11|00:00:15|00:00:00.000| Creating Additional Disks
09:59:13|00:00:17|00:00:01.795| - Done
09:59:13|00:00:17|00:00:00.000| Creating VMs
09:59:13|00:00:17|00:00:00.210| - The hosts file has been added 6 records. Clean them up using 'Remove-Lab' or manually if needed
09:59:13|00:00:17|00:00:00.000| - Creating HyperV machine 'mydc1'
.
.
.
.
.
09:59:19|00:00:24|00:00:06.443|   - Done
09:59:19|00:00:24|00:00:00.000| - Creating HyperV machine 'client1'
.
.
.
.
.
09:59:24|00:00:28|00:00:04.214|   - Done
09:59:24|00:00:28|00:00:00.000| - Creating HyperV machine 'client2'
.
.
.
.
.
09:59:28|00:00:32|00:00:04.248|   - Done
09:59:28|00:00:32|00:00:00.000| - Waiting for all machines to finish installing
09:59:28|00:00:32|00:00:00.009|   - Done
09:59:28|00:00:33|00:00:15.753| - Done
09:59:28|00:00:33|00:00:00.000| Installing Root Domain Controllers
09:59:28|00:00:33|00:00:00.010| - Machines with RootDC role to be installed: 'mydc1'
09:59:29|00:00:34|00:00:00.574| - Waiting for machines to start up
.
.
.
.
.
10:00:16|00:01:21|00:00:47.950| - Waiting for Root Domain Controllers to complete installation of Active Directory and restart
.
.
.
.
.
.
.
done
10:04:30|00:05:34|00:05:01.435| - Root Domain Controllers have now restarted. Waiting for Active Directory to start up
.
.
PS>TerminatingError(Invoke-LabCommand): "Cannot bind argument to parameter 'ComputerName' because it is an empty array."
.
