**********************
Windows PowerShell transcript start
Start time: 20190718132353
Username: THINKPAD\Prateek
RunAs User: THINKPAD\Prateek
Configuration Name: 
Machine: THINKPAD (Microsoft Windows NT 10.0.18362.0)
Host Application: C:\WINDOWS\System32\WindowsPowerShell\v1.0\powershell.exe D:\Workspace\LabAutomation\BuildRequest\05092cd9-801f-4e34-a62e-068a50f77681\05092cd9-801f-4e34-a62e-068a50f77681.ps1
Process ID: 12224
PSVersion: 5.1.18362.145
PSEdition: Desktop
PSCompatibleVersions: 1.0, 2.0, 3.0, 4.0, 5.0, 5.1.18362.145
BuildVersion: 10.0.18362.145
CLRVersion: 4.0.30319.42000
WSManStackVersion: 3.0
PSRemotingProtocolVersion: 2.3
SerializationVersion: 1.1.0.1
**********************
Transcript started, output file is D:\Workspace\LabAutomation\BuildRequest\05092cd9-801f-4e34-a62e-068a50f77681\05092cd9-801f-4e34-a62e-068a50f77681.log
13:23:57|00:00:00|00:00:00.004| Validating lab definition
13:24:00|00:00:03|00:00:03.243| - Could not invoke validator AutomatedLab.UnknownRoleProperties
13:24:00|00:00:03|00:00:03.621| - Success

13:24:01|00:00:03|00:00:00.000| Lab 'two' hosted on 'HyperV' imported with 3 machines

13:24:02|00:00:05|00:00:01.074| Lab 'two' hosted on 'HyperV' imported with 3 machines
13:24:02|00:00:05|00:00:00.000| Removing lab 'two'
13:24:02|00:00:05|00:00:00.065| - Removing lab sessions
13:24:03|00:00:06|00:00:00.682| - Removing lab background jobs
13:24:03|00:00:06|00:00:01.430| - Removing Lab VM 'dc' (and its associated disks)
13:24:04|00:00:07|00:00:01.610| - Lab VM 'dc' has been removed
13:24:04|00:00:07|00:00:01.781| - Removing Lab VM 's1' (and its associated disks)
13:24:04|00:00:07|00:00:01.819| - Lab VM 's1' has been removed
13:24:04|00:00:07|00:00:02.010| - Removing Lab VM 's2' (and its associated disks)
13:24:04|00:00:07|00:00:02.050| - Lab VM 's2' has been removed
13:24:04|00:00:07|00:00:02.071| - Removing entries in the hosts file
13:24:04|00:00:07|00:00:02.184| - Removing virtual networks
13:24:04|00:00:07|00:00:02.267| - The network switch does not exist
13:24:04|00:00:07|00:00:02.302| - Removing Lab XML files
13:24:05|00:00:08|00:00:03.137| - Done removing lab 'two'
13:24:05|00:00:00|00:00:00.000| Initialization
13:24:05|00:00:00|00:00:00.012| - Host operating system version: '10.0.18362'
13:24:05|00:00:00|00:00:00.019| - Creating new lab definition with name 'two'
13:24:05|00:00:00|00:00:00.045| - Location of lab definition files will be 'C:\ProgramData\AutomatedLab\Labs\two'
13:24:06|00:00:00|00:00:00.400| - Location of LabSources folder is 'D:\LabSources'
13:24:06|00:00:00|00:00:00.000| - Auto-adding ISO files
13:24:06|00:00:00|00:00:00.272|   - found 5 OS images in the cache
PS>TerminatingError(): "No Azure Context found, Please run 'Connect-AzAccount' first"
>> TerminatingError(): "No Azure Context found, Please run 'Connect-AzAccount' first"
>> TerminatingError(): "No Azure Context found, Please run 'Connect-AzAccount' first"
13:24:07|00:00:01|00:00:00.786|   - Added 'D:\LabSources\ISOs\17763.379.190312-0539.rs5_release_svc_refresh_SERVERESSENTIALS_OEM_x64FRE_en-us.iso'
13:24:07|00:00:01|00:00:00.820|   - Added 'D:\LabSources\ISOs\en_windows_server_2016_x64_dvd_9718492.iso'
13:24:07|00:00:01|00:00:00.828|   - Added 'D:\LabSources\ISOs\ubuntu-18.04.2-desktop-amd64.iso'
13:24:07|00:00:01|00:00:00.855|   - Done
13:24:07|00:00:01|00:00:01.327| - Path for VMs specified as 'D:\VHD\'
13:24:07|00:00:02|00:00:00.001| - Adding Hyper-V machine definition 'dc'          (Roles: RootDC)
13:24:09|00:00:03|00:00:01.676|   - Done
13:24:09|00:00:03|00:00:00.001| - Adding Hyper-V machine definition 's1'          (Roles: WebServer)
13:24:09|00:00:04|00:00:00.330|   - Done
13:24:10|00:00:04|00:00:00.000| - Adding Hyper-V machine definition 's2'          (Roles: FileServer)
13:24:10|00:00:04|00:00:00.299|   - Done
13:24:11|00:00:05|00:00:05.218| Estimated (additional) local drive space needed for all machines: 6 GB
13:24:11|00:00:05|00:00:05.372| Location of Hyper-V machines will be 'D:\VHD\'
13:24:11|00:00:05|00:00:05.447| Done
13:24:11|00:00:05|00:00:00.001| Validating lab definition
13:24:12|00:00:06|00:00:00.874| - Could not invoke validator AutomatedLab.UnknownRoleProperties
13:24:12|00:00:06|00:00:01.166| - Success

13:24:12|00:00:06|00:00:00.000| Lab 'two' hosted on 'HyperV' imported with 3 machines
13:24:14|00:00:08|00:00:00.000| Creating virtual networks
13:24:14|00:00:08|00:00:00.000| - Creating Hyper-V virtual network 'mynetwork'
13:24:17|00:00:11|00:00:03.183|   - Done
13:24:17|00:00:11|00:00:03.371| - Done
13:24:17|00:00:11|00:00:04.984| done
13:24:17|00:00:11|00:00:00.000| Creating base images
13:24:20|00:00:14|00:00:02.243| - All base images were created previously
13:24:21|00:00:15|00:00:03.545| - Done
13:24:21|00:00:15|00:00:08.556| done
13:24:21|00:00:15|00:00:00.000| Creating Additional Disks
13:24:23|00:00:17|00:00:01.797| - Done
13:24:23|00:00:17|00:00:00.000| Creating VMs
13:24:23|00:00:17|00:00:00.383| - The hosts file has been added 6 records. Clean them up using 'Remove-Lab' or manually if needed
13:24:23|00:00:17|00:00:00.000| - Creating HyperV machine 'dc'
.
.
.
.
.
13:24:32|00:00:26|00:00:09.016|   - Done
13:24:32|00:00:26|00:00:00.001| - Creating HyperV machine 's1'
.
.
.
.
.
13:24:38|00:00:32|00:00:05.432|   - Done
13:24:38|00:00:32|00:00:00.000| - Creating HyperV machine 's2'
.
.
