**********************
Windows PowerShell transcript start
Start time: 20190717133355
Username: THINKPAD\Prateek
RunAs User: THINKPAD\Prateek
Configuration Name: 
Machine: THINKPAD (Microsoft Windows NT 10.0.18362.0)
Host Application: C:\WINDOWS\System32\WindowsPowerShell\v1.0\powershell.exe D:\Workspace\LabAutomation\BuildRequest\5efe91bc-93a8-4500-a54d-9200f7226557\5efe91bc-93a8-4500-a54d-9200f7226557.ps1
Process ID: 4904
PSVersion: 5.1.18362.145
PSEdition: Desktop
PSCompatibleVersions: 1.0, 2.0, 3.0, 4.0, 5.0, 5.1.18362.145
BuildVersion: 10.0.18362.145
CLRVersion: 4.0.30319.42000
WSManStackVersion: 3.0
PSRemotingProtocolVersion: 2.3
SerializationVersion: 1.1.0.1
**********************
Transcript started, output file is D:\Workspace\LabAutomation\BuildRequest\5efe91bc-93a8-4500-a54d-9200f7226557\5efe91bc-93a8-4500-a54d-9200f7226557.log
13:34:01|00:00:00|00:00:00.000| Initialization
13:34:01|00:00:00|00:00:00.068| - Host operating system version: '10.0.18362'
13:34:01|00:00:00|00:00:00.076| - Creating new lab definition with name 'demo'
13:34:01|00:00:00|00:00:00.104| - Location of lab definition files will be 'C:\ProgramData\AutomatedLab\Labs\demo'
13:34:03|00:00:01|00:00:01.892| - Location of LabSources folder is 'D:\LabSources'
13:34:03|00:00:01|00:00:00.000| - Auto-adding ISO files
13:34:03|00:00:02|00:00:00.539|   - found 5 OS images in the cache
PS>TerminatingError(): "No Azure Context found, Please run 'Connect-AzAccount' first"
>> TerminatingError(): "No Azure Context found, Please run 'Connect-AzAccount' first"
>> TerminatingError(): "No Azure Context found, Please run 'Connect-AzAccount' first"
13:34:04|00:00:03|00:00:01.099|   - Added 'D:\LabSources\ISOs\17763.379.190312-0539.rs5_release_svc_refresh_SERVERESSENTIALS_OEM_x64FRE_en-us.iso'
13:34:04|00:00:03|00:00:01.115|   - Added 'D:\LabSources\ISOs\en_windows_server_2016_x64_dvd_9718492.iso'
13:34:04|00:00:03|00:00:01.124|   - Added 'D:\LabSources\ISOs\ubuntu-18.04.2-desktop-amd64.iso'
13:34:04|00:00:03|00:00:01.147|   - Done
13:34:04|00:00:03|00:00:03.120| - Path for VMs specified as 'D:\VHD\'
13:34:05|00:00:04|00:00:00.000| - Adding Hyper-V machine definition 'dc2'         (Roles: RootDC)
13:34:07|00:00:06|00:00:02.144|   - Done
13:34:07|00:00:06|00:00:00.000| - Adding Hyper-V machine definition 'client01'    (Roles: WebServer)
13:34:08|00:00:07|00:00:00.640|   - Done
13:34:08|00:00:07|00:00:00.000| - Adding Hyper-V machine definition 'client02'    (Roles: FileServer)
13:34:09|00:00:07|00:00:00.451|   - Done
13:34:10|00:00:09|00:00:09.020| Estimated (additional) local drive space needed for all machines: 6 GB
13:34:10|00:00:09|00:00:09.164| Location of Hyper-V machines will be 'D:\VHD\'
13:34:10|00:00:09|00:00:09.492| Done
13:34:10|00:00:09|00:00:00.000| Validating lab definition
13:34:13|00:00:12|00:00:02.998| - Could not invoke validator AutomatedLab.UnknownRoleProperties
13:34:14|00:00:13|00:00:03.446| - Issue: 'dc2'. Cause: The domain's admin user's password must be the same like the RootDCs installation user's password
PS>TerminatingError(): "System error."
>> TerminatingError(): "System error."
>> $global:?
True
