**********************
Windows PowerShell transcript start
Start time: 20190723213320
Username: THINKPAD\Prateek
RunAs User: THINKPAD\Prateek
Configuration Name: 
Machine: THINKPAD (Microsoft Windows NT 10.0.18362.0)
Host Application: C:\WINDOWS\System32\WindowsPowerShell\v1.0\powershell.exe C:\Users\PRATEE~1.THI\AppData\Local\Temp\2f3814b9-04c0-49a3-80fe-1e94482e38b4.ps1
Process ID: 24496
PSVersion: 5.1.18362.145
PSEdition: Desktop
PSCompatibleVersions: 1.0, 2.0, 3.0, 4.0, 5.0, 5.1.18362.145
BuildVersion: 10.0.18362.145
CLRVersion: 4.0.30319.42000
WSManStackVersion: 3.0
PSRemotingProtocolVersion: 2.3
SerializationVersion: 1.1.0.1
**********************
Transcript started, output file is D:\Workspace\LabAutomation\BuildRequest\2f3814b9-04c0-49a3-80fe-1e94482e38b4\2f3814b9-04c0-49a3-80fe-1e94482e38b4.log
21:33:27|00:00:00|00:00:00.004| Validating lab definition
21:33:32|00:00:05|00:00:05.662| - Could not invoke validator AutomatedLab.UnknownRoleProperties
21:33:33|00:00:06|00:00:06.215| - Success

21:33:33|00:00:06|00:00:00.000| Lab 'mylab' hosted on 'HyperV' imported with 3 machines

21:33:36|00:00:09|00:00:02.694| Lab 'mylab' hosted on 'HyperV' imported with 3 machines
21:33:37|00:00:09|00:00:00.000| Removing lab 'mylab'
21:33:37|00:00:10|00:00:00.120| - Removing lab sessions
21:33:38|00:00:11|00:00:01.216| - Removing lab background jobs
21:33:39|00:00:12|00:00:02.271| - Removing Lab VM 'mylabdc1' (and its associated disks)
21:33:40|00:00:13|00:00:03.479| - Lab VM 'mylabdc1' has been removed
21:33:41|00:00:13|00:00:03.900| - Removing Lab VM 'mylabcl1' (and its associated disks)
21:33:41|00:00:14|00:00:04.615| - Lab VM 'mylabcl1' has been removed
21:33:42|00:00:15|00:00:05.108| - Removing Lab VM 'mylabcl2' (and its associated disks)
21:33:42|00:00:15|00:00:05.656| - Lab VM 'mylabcl2' has been removed
21:33:42|00:00:15|00:00:05.712| - Removing entries in the hosts file
21:33:42|00:00:15|00:00:05.844| - Removing virtual networks
21:33:49|00:00:22|00:00:12.379| - Removing Lab XML files
21:33:52|00:00:24|00:00:14.933| - Done removing lab 'mylab'
21:33:52|00:00:00|00:00:00.000| Initialization
21:33:52|00:00:00|00:00:00.016| - Host operating system version: '10.0.18362'
21:33:52|00:00:00|00:00:00.036| - Creating new lab definition with name 'mylab'
21:33:52|00:00:00|00:00:00.092| - Location of lab definition files will be 'C:\ProgramData\AutomatedLab\Labs\mylab'
21:33:53|00:00:00|00:00:00.988| - Location of LabSources folder is 'D:\LabSources'
21:33:53|00:00:01|00:00:00.000| - Auto-adding ISO files
21:33:54|00:00:01|00:00:00.627|   - found 5 OS images in the cache
PS>TerminatingError(): "No Azure Context found, Please run 'Connect-AzAccount' first"
>> TerminatingError(): "No Azure Context found, Please run 'Connect-AzAccount' first"
>> TerminatingError(): "No Azure Context found, Please run 'Connect-AzAccount' first"
21:33:55|00:00:02|00:00:01.678|   - Added 'D:\LabSources\ISOs\17763.379.190312-0539.rs5_release_svc_refresh_SERVERESSENTIALS_OEM_x64FRE_en-us.iso'
21:33:55|00:00:02|00:00:01.710|   - Added 'D:\LabSources\ISOs\en_windows_server_2016_x64_dvd_9718492.iso'
21:33:55|00:00:02|00:00:01.734|   - Added 'D:\LabSources\ISOs\ubuntu-18.04.2-desktop-amd64.iso'
21:33:55|00:00:02|00:00:01.798|   - Done
21:33:55|00:00:02|00:00:02.986| - Path for VMs specified as 'D:\VHD\'
21:33:57|00:00:04|00:00:00.003| - Adding Hyper-V machine definition 'mylabdc1'    (Roles: RootDC)
21:34:09|00:00:16|00:00:11.621|   - Done
21:34:09|00:00:16|00:00:00.000| - Adding Hyper-V machine definition 'mylabcl1'    (Roles: WebServer)
21:34:10|00:00:17|00:00:00.794|   - Done
21:34:10|00:00:17|00:00:00.000| - Adding Hyper-V machine definition 'mylabcl2'    (Roles: FileServer)
21:34:10|00:00:18|00:00:00.655|   - Done
21:34:12|00:00:20|00:00:20.170| Estimated (additional) local drive space needed for all machines: 6 GB
21:34:13|00:00:20|00:00:20.450| Location of Hyper-V machines will be 'D:\VHD\'
21:34:13|00:00:20|00:00:20.546| Done
21:34:13|00:00:20|00:00:00.004| Validating lab definition
21:34:14|00:00:21|00:00:01.098| - Could not invoke validator AutomatedLab.UnknownRoleProperties
21:34:14|00:00:22|00:00:01.656| - Success

21:34:15|00:00:22|00:00:00.000| Lab 'mylab' hosted on 'HyperV' imported with 3 machines
21:34:18|00:00:26|00:00:00.000| Creating virtual networks
21:34:18|00:00:26|00:00:00.000| - Creating Hyper-V virtual network 'mylab01'
21:34:25|00:00:32|00:00:06.732|   - Done
21:34:25|00:00:32|00:00:06.900| - Done
21:34:25|00:00:33|00:00:10.488| done
21:34:25|00:00:33|00:00:00.003| Creating base images
21:34:26|00:00:34|00:00:00.851| - All base images were created previously
21:34:28|00:00:35|00:00:02.247| - Done
21:34:28|00:00:35|00:00:12.803| done
21:34:28|00:00:35|00:00:00.000| Creating Additional Disks
21:34:30|00:00:37|00:00:01.956| - Done
21:34:30|00:00:37|00:00:00.000| Creating VMs
21:34:30|00:00:38|00:00:00.712| - The hosts file has been added 6 records. Clean them up using 'Remove-Lab' or manually if needed
21:34:30|00:00:38|00:00:00.000| - Creating HyperV machine 'mylabdc1'
.
.
.
.
.
21:34:44|00:00:51|00:00:13.468|   - Done
21:34:44|00:00:51|00:00:00.000| - Creating HyperV machine 'mylabcl1'
.
.
.
.
.
21:34:51|00:00:59|00:00:07.210|   - Done
21:34:51|00:00:59|00:00:00.000| - Creating HyperV machine 'mylabcl2'
.
.
.
.
.
21:35:00|00:01:07|00:00:08.826|   - Done
21:35:00|00:01:07|00:00:00.000| - Waiting for all machines to finish installing
21:35:00|00:01:07|00:00:00.015|   - Done
21:35:01|00:01:08|00:00:31.058| - Done
21:35:01|00:01:08|00:00:00.000| Installing Root Domain Controllers
21:35:01|00:01:08|00:00:00.018| - Machines with RootDC role to be installed: 'mylabdc1'
21:35:02|00:01:09|00:00:00.838| - Waiting for machines to start up
.
.
.
.
.
.
21:36:07|00:02:14|00:01:05.834| - Waiting for Root Domain Controllers to complete installation of Active Directory and restart
.
.
.
.
.
.
.
.
done
21:40:33|00:06:40|00:05:32.129| - Root Domain Controllers have now restarted. Waiting for Active Directory to start up
.
.
PS>TerminatingError(Invoke-LabCommand): "Cannot bind argument to parameter 'ComputerName' because it is an empty array."
.
.
.
.
.
.
.
.
.
.
21:47:51|00:13:59|00:12:50.768| - Done
21:47:52|00:13:59|00:00:00.000| Installing Web Servers
21:47:52|00:13:59|00:00:00.024| - Machines to have Web Server role installed: 'mylabcl1'
21:47:52|00:13:59|00:00:00.064| - Waiting for machines to start up
.
.
.
.
.
.
.
.
.
.
21:51:58|00:18:05|00:04:06.114| - Waiting for Web Server role to complete installation
.
.
.
.
.
21:53:48|00:19:56|00:05:56.726| - Done
21:53:48|00:19:56|00:00:00.000| Starting remaining machines
21:53:48|00:19:56|00:00:00.015| - Waiting for machines to start up...
.
.
.
.
.
21:55:17|00:21:24|00:01:28.348| - Done
PS>TerminatingError(): "No Azure Context found, Please run 'Connect-AzAccount' first"
>> TerminatingError(): "No Azure Context found, Please run 'Connect-AzAccount' first"
>> TerminatingError(): "No Azure Context found, Please run 'Connect-AzAccount' first"
21:55:17|00:21:25|00:00:00.000| Installing software package 'D:\LabSources\SoftwarePackages\Notepad++.exe' on machines 'mylabdc1, mylabcl1'
PS>TerminatingError(): "No Azure Context found, Please run 'Connect-AzAccount' first"
>> TerminatingError(): "No Azure Context found, Please run 'Connect-AzAccount' first"
>> TerminatingError(): "No Azure Context found, Please run 'Connect-AzAccount' first"
PS>TerminatingError(): "No Azure Context found, Please run 'Connect-AzAccount' first"
>> TerminatingError(): "No Azure Context found, Please run 'Connect-AzAccount' first"
>> TerminatingError(): "No Azure Context found, Please run 'Connect-AzAccount' first"
21:55:55|00:22:03|00:00:37.738| - Installation started in background
PS>TerminatingError(): "No Azure Context found, Please run 'Connect-AzAccount' first"
>> TerminatingError(): "No Azure Context found, Please run 'Connect-AzAccount' first"
>> TerminatingError(): "No Azure Context found, Please run 'Connect-AzAccount' first"
21:55:55|00:22:03|00:00:00.000| Installing software package 'D:\LabSources\SoftwarePackages\winrar.exe' on machines 'mylabdc1, mylabcl1'
PS>TerminatingError(): "No Azure Context found, Please run 'Connect-AzAccount' first"
>> TerminatingError(): "No Azure Context found, Please run 'Connect-AzAccount' first"
>> TerminatingError(): "No Azure Context found, Please run 'Connect-AzAccount' first"
PS>TerminatingError(): "No Azure Context found, Please run 'Connect-AzAccount' first"
>> TerminatingError(): "No Azure Context found, Please run 'Connect-AzAccount' first"
>> TerminatingError(): "No Azure Context found, Please run 'Connect-AzAccount' first"
21:56:00|00:22:07|00:00:04.545| - Installation started in background
21:56:21|00:22:28|00:22:06.028| ---------------------------------------------------------------------------
21:56:21|00:22:28|00:22:06.030| Setting up the lab took 0 hour, 22 minutes and 28 seconds
21:56:21|00:22:28|00:22:06.050| Lab name is 'mylab' and is hosted on 'HyperV'. There are 3 machine(s) and 1 network(s) defined.
21:56:21|00:22:28|00:22:06.059|
21:56:21|00:22:28|00:22:06.062| ----------------------------- Network Summary -----------------------------
21:56:21|00:22:28|00:22:06.133|
21:56:21|00:22:28|00:22:06.143| Name    AddressSpace SwitchType AdapterName IssuedIpAddresses
21:56:21|00:22:28|00:22:06.161| ----    ------------ ---------- ----------- -----------------
21:56:21|00:22:28|00:22:06.164| mylab01 10.2.2.0/24    Internal                             0
21:56:21|00:22:28|00:22:06.184|
21:56:21|00:22:28|00:22:06.224|
21:56:21|00:22:28|00:22:06.241| ----------------------------- Domain Summary ------------------------------
21:56:21|00:22:29|00:22:06.308|
21:56:21|00:22:29|00:22:06.318| Name        Administrator Password  RootDomain
21:56:21|00:22:29|00:22:06.349| ----        ------------- --------  ----------
21:56:21|00:22:29|00:22:06.369| mylab01.com Administrator Somepass1
21:56:21|00:22:29|00:22:06.380|
21:56:21|00:22:29|00:22:06.400|
21:56:21|00:22:29|00:22:06.409| ------------------------- Virtual Machine Summary -------------------------
21:56:21|00:22:29|00:22:06.483|
21:56:21|00:22:29|00:22:06.504| Name     DomainName  IpAddress     Roles        OperatingSystem
21:56:21|00:22:29|00:22:06.522| ----     ----------  ---------     -----        ---------------
21:56:21|00:22:29|00:22:06.536| mylabdc1 mylab01.com {10.2.2.0/24} {RootDC}     Windows Server 2016 Standard (Des...
21:56:21|00:22:29|00:22:06.555| mylabcl1 mylab01.com {10.2.2.0/24} {WebServer}  Windows Server 2016 Standard (Des...
21:56:21|00:22:29|00:22:06.566| mylabcl2 mylab01.com {10.2.2.0/24} {FileServer} Windows Server 2016 Standard (Des...
21:56:21|00:22:29|00:22:06.586|
21:56:21|00:22:29|00:22:06.586|
21:56:21|00:22:29|00:22:06.607| ---------------------------------------------------------------------------
21:56:21|00:22:29|00:22:06.617| Please use the following cmdlets to interact with the machines:
21:56:21|00:22:29|00:22:06.628| - Get-LabVMStatus, Get, Start, Restart, Stop, Wait, Connect, Save-LabVM and Wait-LabVMRestart (some of them provide a Wait switch)
21:56:21|00:22:29|00:22:06.638| - Invoke-LabCommand, Enter-LabPSSession, Install-LabSoftwarePackage and Install-LabWindowsFeature (do not require credentials and
21:56:21|00:22:29|00:22:06.657|   work the same way with Hyper-V and Azure)
21:56:21|00:22:29|00:22:06.659| - Checkpoint-LabVM, Restore-LabVMSnapshot and Get-LabVMSnapshot (only for Hyper-V)
21:56:21|00:22:29|00:22:06.679| - Get-LabInternetFile downloads files from the internet and places them on LabSources (locally or on Azure)
21:56:22|00:22:29|00:22:06.688| ---------------------------------------------------------------------------
PS>$global:?
True
