**********************
Windows PowerShell transcript start
Start time: 20190718045539
Username: THINKPAD\Prateek
RunAs User: THINKPAD\Prateek
Configuration Name: 
Machine: THINKPAD (Microsoft Windows NT 10.0.18362.0)
Host Application: C:\WINDOWS\System32\WindowsPowerShell\v1.0\powershell.exe D:\Workspace\LabAutomation\BuildRequest\fafdc335-f025-4170-a981-536a1b8f2cfc\fafdc335-f025-4170-a981-536a1b8f2cfc.ps1
Process ID: 14448
PSVersion: 5.1.18362.145
PSEdition: Desktop
PSCompatibleVersions: 1.0, 2.0, 3.0, 4.0, 5.0, 5.1.18362.145
BuildVersion: 10.0.18362.145
CLRVersion: 4.0.30319.42000
WSManStackVersion: 3.0
PSRemotingProtocolVersion: 2.3
SerializationVersion: 1.1.0.1
**********************
Transcript started, output file is D:\Workspace\LabAutomation\BuildRequest\fafdc335-f025-4170-a981-536a1b8f2cfc\fafdc335-f025-4170-a981-536a1b8f2cfc.log
04:55:43|00:00:00|00:00:00.000| Initialization
04:55:43|00:00:00|00:00:00.046| - Host operating system version: '10.0.18362'
04:55:43|00:00:00|00:00:00.056| - Creating new lab definition with name 'testlab'
04:55:43|00:00:00|00:00:00.078| - Location of lab definition files will be 'C:\ProgramData\AutomatedLab\Labs\testlab'
04:55:44|00:00:01|00:00:01.071| - Location of LabSources folder is 'D:\LabSources'
04:55:44|00:00:01|00:00:00.000| - Auto-adding ISO files
04:55:44|00:00:01|00:00:00.322|   - found 5 OS images in the cache
PS>TerminatingError(): "No Azure Context found, Please run 'Connect-AzAccount' first"
>> TerminatingError(): "No Azure Context found, Please run 'Connect-AzAccount' first"
>> TerminatingError(): "No Azure Context found, Please run 'Connect-AzAccount' first"
04:55:45|00:00:01|00:00:00.679|   - Added 'D:\LabSources\ISOs\17763.379.190312-0539.rs5_release_svc_refresh_SERVERESSENTIALS_OEM_x64FRE_en-us.iso'
04:55:45|00:00:01|00:00:00.695|   - Added 'D:\LabSources\ISOs\en_windows_server_2016_x64_dvd_9718492.iso'
04:55:45|00:00:01|00:00:00.700|   - Added 'D:\LabSources\ISOs\ubuntu-18.04.2-desktop-amd64.iso'
04:55:45|00:00:01|00:00:00.722|   - Done
04:55:45|00:00:01|00:00:01.854| - Path for VMs specified as 'D:\VHD\'
04:55:46|00:00:02|00:00:00.000| - Adding Hyper-V machine definition 'dc1'         (Roles: RootDC)
04:55:47|00:00:04|00:00:01.626|   - Done
04:55:47|00:00:04|00:00:00.000| - Adding Hyper-V machine definition 'srv1'        (Roles: WebServer)
04:55:48|00:00:05|00:00:00.369|   - Done
04:55:48|00:00:05|00:00:00.000| - Adding Hyper-V machine definition 'srv2'        (Roles: FileServer)
04:55:48|00:00:05|00:00:00.294|   - Done
04:55:49|00:00:06|00:00:06.308| Estimated (additional) local drive space needed for all machines: 6 GB
04:55:49|00:00:06|00:00:06.461| Location of Hyper-V machines will be 'D:\VHD\'
04:55:49|00:00:06|00:00:06.665| Done
04:55:50|00:00:06|00:00:00.000| Validating lab definition
04:55:52|00:00:09|00:00:02.766| - Could not invoke validator AutomatedLab.UnknownRoleProperties
04:55:53|00:00:10|00:00:03.143| - Success

04:55:53|00:00:10|00:00:00.000| Lab 'testlab' hosted on 'HyperV' imported with 3 machines
04:55:54|00:00:11|00:00:00.000| Creating virtual networks
04:55:55|00:00:11|00:00:00.001| - Creating Hyper-V virtual network 'myvnet01'
04:55:58|00:00:15|00:00:03.626|   - Done
04:55:58|00:00:15|00:00:03.838| - Done
04:55:58|00:00:15|00:00:05.237| done
04:55:58|00:00:15|00:00:00.000| Creating base images
04:56:00|00:00:17|00:00:01.986| - All base images were created previously
04:56:02|00:00:18|00:00:03.318| - Done
04:56:02|00:00:18|00:00:08.617| done
04:56:02|00:00:18|00:00:00.000| Creating Additional Disks
04:56:04|00:00:20|00:00:01.830| - Done
04:56:04|00:00:20|00:00:00.000| Creating VMs
04:56:04|00:00:21|00:00:00.464| - The hosts file has been added 6 records. Clean them up using 'Remove-Lab' or manually if needed
04:56:04|00:00:21|00:00:00.001| - Creating HyperV machine 'dc1'
.
.
.
.
.
04:56:14|00:00:31|00:00:09.788|   - Done
04:56:14|00:00:31|00:00:00.000| - Creating HyperV machine 'srv1'
.
.
.
.
.
04:56:19|00:00:36|00:00:04.860|   - Done
04:56:19|00:00:36|00:00:00.000| - Creating HyperV machine 'srv2'
.
.
.
.
.
04:56:24|00:00:40|00:00:04.685|   - Done
04:56:24|00:00:40|00:00:00.001| - Waiting for all machines to finish installing
04:56:24|00:00:40|00:00:00.018|   - Done
04:56:25|00:00:42|00:00:21.942| - Done
04:56:26|00:00:42|00:00:00.000| Installing Root Domain Controllers
04:56:26|00:00:42|00:00:00.016| - Machines with RootDC role to be installed: 'dc1'
04:56:26|00:00:43|00:00:00.683| - Waiting for machines to start up
.
.
.
.
.
04:57:17|00:01:34|00:00:51.707| - Waiting for Root Domain Controllers to complete installation of Active Directory and restart
.
PS>TerminatingError(): "The pipeline has been stopped."
>> TerminatingError(): "The pipeline has been stopped."
>> TerminatingError(): "The pipeline has been stopped."
>> TerminatingError(): "The pipeline has been stopped."
>> TerminatingError(): "The pipeline has been stopped."
PS>TerminatingError(): "The pipeline has been stopped."
>> TerminatingError(): "The pipeline has been stopped."
>> $global:?
False
