**********************
Windows PowerShell transcript start
Start time: 20190723062941
Username: THINKPAD\Prateek
RunAs User: THINKPAD\Prateek
Configuration Name: 
Machine: THINKPAD (Microsoft Windows NT 10.0.18362.0)
Host Application: C:\WINDOWS\System32\WindowsPowerShell\v1.0\powershell.exe C:\Users\PRATEE~1.THI\AppData\Local\Temp\ffd30b04-4f25-45b0-bf88-947ee263a5ca.ps1
Process ID: 20956
PSVersion: 5.1.18362.145
PSEdition: Desktop
PSCompatibleVersions: 1.0, 2.0, 3.0, 4.0, 5.0, 5.1.18362.145
BuildVersion: 10.0.18362.145
CLRVersion: 4.0.30319.42000
WSManStackVersion: 3.0
PSRemotingProtocolVersion: 2.3
SerializationVersion: 1.1.0.1
**********************
Transcript started, output file is D:\Workspace\LabAutomation\BuildRequest\ffd30b04-4f25-45b0-bf88-947ee263a5ca\ffd30b04-4f25-45b0-bf88-947ee263a5ca.log
06:29:45|00:00:00|00:00:00.000| Initialization
06:29:45|00:00:00|00:00:00.048| - Host operating system version: '10.0.18362'
06:29:45|00:00:00|00:00:00.056| - Creating new lab definition with name 'test'
06:29:45|00:00:00|00:00:00.079| - Location of lab definition files will be 'C:\ProgramData\AutomatedLab\Labs\test'
06:29:46|00:00:01|00:00:01.224| - Location of LabSources folder is 'D:\LabSources'
06:29:46|00:00:01|00:00:00.000| - Auto-adding ISO files
06:29:47|00:00:01|00:00:00.276|   - found 5 OS images in the cache
06:29:47|00:00:01|00:00:00.588|   - Added 'D:\LabSources\ISOs\17763.379.190312-0539.rs5_release_svc_refresh_SERVERESSENTIALS_OEM_x64FRE_en-us.iso'
06:29:47|00:00:01|00:00:00.599|   - Added 'D:\LabSources\ISOs\en_windows_server_2016_x64_dvd_9718492.iso'
06:29:47|00:00:01|00:00:00.603|   - Added 'D:\LabSources\ISOs\ubuntu-18.04.2-desktop-amd64.iso'
06:29:47|00:00:01|00:00:00.619|   - Done
06:29:47|00:00:01|00:00:01.915| - Path for VMs specified as 'D:\VHD\'
06:29:48|00:00:02|00:00:00.000| - Adding Hyper-V machine definition 'dc1'         (Roles: RootDC)
06:29:51|00:00:05|00:00:02.706|   - Done
06:29:51|00:00:05|00:00:00.000| - Adding Hyper-V machine definition 'srv1'
06:29:51|00:00:06|00:00:00.499|   - Done
06:29:51|00:00:06|00:00:00.000| - Adding Hyper-V machine definition 'srv2'
06:29:52|00:00:06|00:00:00.324|   - Done
06:29:53|00:00:07|00:00:07.720| Estimated (additional) local drive space needed for all machines: 6 GB
06:29:53|00:00:07|00:00:07.878| Location of Hyper-V machines will be 'D:\VHD\'
06:29:53|00:00:08|00:00:08.114| Done
06:29:53|00:00:08|00:00:00.000| Validating lab definition
06:29:56|00:00:11|00:00:02.825| - Could not invoke validator AutomatedLab.UnknownRoleProperties
06:29:57|00:00:11|00:00:03.202| - Success

06:29:57|00:00:12|00:00:00.000| Lab 'test' hosted on 'HyperV' imported with 3 machines
06:29:59|00:00:13|00:00:00.000| Creating virtual networks
06:29:59|00:00:13|00:00:00.000| - Creating Hyper-V virtual network 'net1'
06:30:04|00:00:18|00:00:04.909|   - Done
06:30:04|00:00:18|00:00:05.113| - Done
06:30:04|00:00:18|00:00:06.752| done
06:30:04|00:00:18|00:00:00.003| Creating base images
06:30:06|00:00:20|00:00:02.078| - All base images were created previously
06:30:07|00:00:22|00:00:03.462| - Done
06:30:07|00:00:22|00:00:10.274| done
06:30:07|00:00:22|00:00:00.000| Creating Additional Disks
06:30:09|00:00:24|00:00:01.835| - Done
06:30:09|00:00:24|00:00:00.000| Creating VMs
06:30:13|00:00:27|00:00:03.409| - The hosts file has been added 6 records. Clean them up using 'Remove-Lab' or manually if needed
06:30:13|00:00:27|00:00:00.000| - Creating HyperV machine 'dc1'
.
.
.
.
.
06:30:23|00:00:37|00:00:10.299|   - Done
06:30:23|00:00:38|00:00:00.000| - Creating HyperV machine 'srv1'
.
.
.
.
.
06:30:31|00:00:45|00:00:07.667|   - Done
06:30:31|00:00:45|00:00:00.000| - Creating HyperV machine 'srv2'
.
.
.
.
.
06:30:36|00:00:51|00:00:05.718|   - Done
06:30:36|00:00:51|00:00:00.000| - Waiting for all machines to finish installing
06:30:36|00:00:51|00:00:00.010|   - Done
06:30:37|00:00:52|00:00:28.032| - Done
06:30:37|00:00:52|00:00:00.000| Installing Root Domain Controllers
06:30:37|00:00:52|00:00:00.013| - Machines with RootDC role to be installed: 'dc1'
06:30:38|00:00:52|00:00:00.658| - Waiting for machines to start up
.
.
.
.
.
.
06:31:39|00:01:54|00:01:01.845| - Waiting for Root Domain Controllers to complete installation of Active Directory and restart
.
.
.
.
.
.
.
.
.
done
06:36:17|00:06:31|00:05:39.574| - Root Domain Controllers have now restarted. Waiting for Active Directory to start up
.
.
PS>TerminatingError(Invoke-LabCommand): "Cannot bind argument to parameter 'ComputerName' because it is an empty array."
.
.
.
.
.
.
.
.
.
.
06:43:33|00:13:48|00:12:55.906| - Done
06:43:33|00:13:48|00:00:00.000| Starting remaining machines
06:43:33|00:13:48|00:00:00.004| - Waiting for machines to start up...
.
.
.
.
.
.
.
.
.
.
.
06:48:13|00:18:27|00:04:39.750| - Done
06:48:14|00:18:29|00:00:00.000| Installing software package 'D:\LabSources\SoftwarePackages\Notepad++.exe' on machines 'dc1'
06:48:35|00:18:49|00:00:20.647| - Installation started in background
06:48:35|00:18:49|00:00:00.000| Installing software package 'D:\LabSources\SoftwarePackages\winrar.exe' on machines 'dc1'
06:48:40|00:18:54|00:00:05.110| - Installation started in background
06:49:02|00:19:17|00:19:05.160| ---------------------------------------------------------------------------
06:49:02|00:19:17|00:19:05.182| Setting up the lab took 0 hour, 19 minutes and 17 seconds
06:49:02|00:19:17|00:19:05.242| Lab name is 'test' and is hosted on 'HyperV'. There are 3 machine(s) and 1 network(s) defined.
06:49:02|00:19:17|00:19:05.268|
06:49:02|00:19:17|00:19:05.294| ----------------------------- Network Summary -----------------------------
06:49:02|00:19:17|00:19:05.376|
06:49:02|00:19:17|00:19:05.406| Name AddressSpace SwitchType AdapterName IssuedIpAddresses
06:49:02|00:19:17|00:19:05.433| ---- ------------ ---------- ----------- -----------------
06:49:03|00:19:17|00:19:05.462| net1 10.0.0.0/24    Internal                             0
06:49:03|00:19:17|00:19:05.490|
06:49:03|00:19:17|00:19:05.502|
06:49:03|00:19:17|00:19:05.517| ----------------------------- Domain Summary ------------------------------
06:49:03|00:19:17|00:19:05.647|
06:49:03|00:19:17|00:19:05.668| Name     Administrator Password  RootDomain
06:49:03|00:19:17|00:19:05.688| ----     ------------- --------  ----------
06:49:03|00:19:17|00:19:05.716| test.com Administrator Somepass1
06:49:03|00:19:17|00:19:05.746|
06:49:03|00:19:17|00:19:05.766|
06:49:03|00:19:17|00:19:05.789| ------------------------- Virtual Machine Summary -------------------------
06:49:03|00:19:17|00:19:05.858|
06:49:03|00:19:17|00:19:05.880| Name DomainName IpAddress     Roles    OperatingSystem                                   Local Admin   Password
06:49:03|00:19:17|00:19:05.886| ---- ---------- ---------     -----    ---------------                                   -----------   --------
06:49:03|00:19:17|00:19:05.911| dc1  test.com   {10.0.0.0/24} {RootDC} Windows Server 2016 Standard (Desktop Experience) Administrator Somepass1
06:49:03|00:19:17|00:19:05.932| srv1 test.com   {10.0.0.0/24} {}       Windows Server 2016 Standard (Desktop Experience) Administrator Somepass1
06:49:03|00:19:17|00:19:05.949| srv2 test.com   {10.0.0.0/24} {}       Windows Server 2016 Standard (Desktop Experience) Administrator Somepass1
06:49:03|00:19:17|00:19:05.963|
06:49:03|00:19:17|00:19:05.989|
06:49:03|00:19:18|00:19:06.007| ---------------------------------------------------------------------------
06:49:03|00:19:18|00:19:06.019| Please use the following cmdlets to interact with the machines:
06:49:03|00:19:18|00:19:06.033| - Get-LabVMStatus, Get, Start, Restart, Stop, Wait, Connect, Save-LabVM and Wait-LabVMRestart (some of them provide a Wait switch)
06:49:03|00:19:18|00:19:06.060| - Invoke-LabCommand, Enter-LabPSSession, Install-LabSoftwarePackage and Install-LabWindowsFeature (do not require credentials and
06:49:03|00:19:18|00:19:06.080|   work the same way with Hyper-V and Azure)
06:49:03|00:19:18|00:19:06.100| - Checkpoint-LabVM, Restore-LabVMSnapshot and Get-LabVMSnapshot (only for Hyper-V)
06:49:03|00:19:18|00:19:06.124| - Get-LabInternetFile downloads files from the internet and places them on LabSources (locally or on Azure)
06:49:03|00:19:18|00:19:06.155| ---------------------------------------------------------------------------
PS>$global:?
True
