**********************
Windows PowerShell transcript start
Start time: 20190723165218
Username: THINKPAD\Prateek
RunAs User: THINKPAD\Prateek
Configuration Name: 
Machine: THINKPAD (Microsoft Windows NT 10.0.18362.0)
Host Application: C:\WINDOWS\System32\WindowsPowerShell\v1.0\powershell.exe C:\Users\PRATEE~1.THI\AppData\Local\Temp\76606369-a27a-4182-a4c6-5acc725a1657.ps1
Process ID: 12628
PSVersion: 5.1.18362.145
PSEdition: Desktop
PSCompatibleVersions: 1.0, 2.0, 3.0, 4.0, 5.0, 5.1.18362.145
BuildVersion: 10.0.18362.145
CLRVersion: 4.0.30319.42000
WSManStackVersion: 3.0
PSRemotingProtocolVersion: 2.3
SerializationVersion: 1.1.0.1
**********************
Transcript started, output file is D:\Workspace\LabAutomation\BuildRequest\76606369-a27a-4182-a4c6-5acc725a1657\76606369-a27a-4182-a4c6-5acc725a1657.log
16:52:26|00:00:00|00:00:00.000| Initialization
16:52:26|00:00:00|00:00:00.061| - Host operating system version: '10.0.18362'
16:52:26|00:00:00|00:00:00.073| - Creating new lab definition with name 'test2'
16:52:26|00:00:00|00:00:00.097| - Location of lab definition files will be 'C:\ProgramData\AutomatedLab\Labs\test2'
16:52:27|00:00:01|00:00:01.177| - Location of LabSources folder is 'D:\LabSources'
16:52:27|00:00:01|00:00:00.000| - Auto-adding ISO files
16:52:28|00:00:01|00:00:00.360|   - found 5 OS images in the cache
PS>TerminatingError(): "No Azure Context found, Please run 'Connect-AzAccount' first"
>> TerminatingError(): "No Azure Context found, Please run 'Connect-AzAccount' first"
>> TerminatingError(): "No Azure Context found, Please run 'Connect-AzAccount' first"
16:52:28|00:00:02|00:00:00.836|   - Added 'D:\LabSources\ISOs\17763.379.190312-0539.rs5_release_svc_refresh_SERVERESSENTIALS_OEM_x64FRE_en-us.iso'
16:52:28|00:00:02|00:00:00.856|   - Added 'D:\LabSources\ISOs\en_windows_server_2016_x64_dvd_9718492.iso'
16:52:28|00:00:02|00:00:00.859|   - Added 'D:\LabSources\ISOs\ubuntu-18.04.2-desktop-amd64.iso'
16:52:28|00:00:02|00:00:00.872|   - Done
16:52:28|00:00:02|00:00:02.109| - Path for VMs specified as 'D:\VHD\'
16:52:29|00:00:03|00:00:00.000| - Adding Hyper-V machine definition 'dc2'         (Roles: RootDC)
16:52:33|00:00:06|00:00:03.324|   - Done
16:52:33|00:00:06|00:00:00.000| - Adding Hyper-V machine definition 'srv3'        (Roles: WebServer)
16:52:33|00:00:06|00:00:00.287|   - Done
16:52:33|00:00:06|00:00:00.000| - Adding Hyper-V machine definition 'srv4'        (Roles: WebServer)
16:52:33|00:00:07|00:00:00.248|   - Done
16:52:34|00:00:08|00:00:08.334| Estimated (additional) local drive space needed for all machines: 0 GB
16:52:35|00:00:08|00:00:08.491| Location of Hyper-V machines will be 'D:\VHD\'
16:52:35|00:00:08|00:00:08.707| Done
16:52:35|00:00:09|00:00:00.000| Validating lab definition
16:52:38|00:00:11|00:00:02.665| - Could not invoke validator AutomatedLab.UnknownRoleProperties
16:52:38|00:00:12|00:00:03.074| - Success

16:52:39|00:00:12|00:00:00.000| Lab 'test2' hosted on 'HyperV' imported with 3 machines
16:52:41|00:00:14|00:00:00.000| Creating virtual networks
16:52:41|00:00:14|00:00:00.000| - Creating Hyper-V virtual network 'net2'
16:52:41|00:00:14|00:00:00.183|   - The network switch 'net2' already exists, no changes will be made to configuration
16:52:41|00:00:14|00:00:00.231|   - Done
16:52:41|00:00:14|00:00:00.327| - done
16:52:41|00:00:14|00:00:00.003| - Creating base images
16:52:41|00:00:15|00:00:00.369|   - All base images were created previously
16:52:41|00:00:15|00:00:00.391|   - Done
16:52:41|00:00:15|00:00:00.775| - done
16:52:41|00:00:15|00:00:00.000| - Creating Additional Disks
16:52:43|00:00:16|00:00:01.303|   - Done
16:52:43|00:00:16|00:00:00.000| - Creating VMs
16:52:43|00:00:16|00:00:00.000|   - Creating HyperV machine 'dc2'
.
16:52:43|00:00:17|00:00:00.173|     - The machine 'dc2' does already exist
16:52:44|00:00:18|00:00:01.097|     - Could not create HyperV machine 'dc2'
16:52:44|00:00:18|00:00:00.000|   - Creating HyperV machine 'srv3'
.
16:52:44|00:00:18|00:00:00.031|     - The machine 'srv3' does already exist
16:52:44|00:00:18|00:00:00.039|     - Could not create HyperV machine 'srv3'
16:52:44|00:00:18|00:00:00.000|   - Creating HyperV machine 'srv4'
.
16:52:44|00:00:18|00:00:00.036|     - The machine 'srv4' does already exist
16:52:44|00:00:18|00:00:00.044|     - Could not create HyperV machine 'srv4'
16:52:44|00:00:18|00:00:00.000|   - Waiting for all machines to finish installing
16:52:44|00:00:18|00:00:00.008|     - Done
16:52:45|00:00:19|00:00:02.288|   - Done
16:52:45|00:00:19|00:00:00.004| - Installing Root Domain Controllers
16:52:45|00:00:19|00:00:00.012|   - Machines with RootDC role to be installed: 'dc2'
16:52:46|00:00:19|00:00:00.628|   - Waiting for machines to start up
.
.
.
.
16:53:32|00:01:06|00:00:47.250|   - Waiting for Root Domain Controllers to complete installation of Active Directory and restart
.
.
.
.
.
.
.
.
.
.
.
.
.
.
.
.
.
.
.
.
.
.
.
.
.
.
.
.
.
.
.
.
.
.
.
.
.
.
.
.
.
.
.
.
.
.
.
.
.
.
.
.
.
.
.
.
.
done
17:24:04|00:31:37|00:31:18.560|   - Root Domain Controllers have now restarted. Waiting for Active Directory to start up
.
.
.
.
.
PS>TerminatingError(): "The pipeline has been stopped."
>> TerminatingError(): "The pipeline has been stopped."
>> TerminatingError(): "The pipeline has been stopped."
>> TerminatingError(): "The pipeline has been stopped."
>> TerminatingError(): "The pipeline has been stopped."
>> TerminatingError(): "The pipeline has been stopped."
>> $global:?
False
